<?xml version="1.0" encoding="UTF-8" ?>
<testsuite tests="2" failures="1" name="SaqTest" time="38.93" errors="0" skipped="0">
  <properties>
[...]
</properties>
  <testcase classname="SaqTest" name="ratSaqAnswers" time="23.357"/>
  <testcase classname="SaqTest" name="ratSaqQuestionnaire" time="15.573">
    <failure message="response time should be fast
Expected: is a value less than or equal to &lt;12000L&gt;
     but: &lt;15540L&gt; was greater than &lt;12000L&gt;" type="java.lang.AssertionError">java.lang.AssertionError: response time should be fast
Expected: is a value less than or equal to &lt;12000L&gt;
     but: &lt;15540L&gt; was greater than &lt;12000L&gt;
	at org.hamcrest.MatcherAssert.assertThat(MatcherAssert.java:20)
	at org.junit.Assert.assertThat(Assert.java:956)
	at SaqTest.ratSaqQuestionnaire(SaqTest.java:64)
	at sun.reflect.NativeMethodAccessorImpl.invoke0(Native Method)
	at sun.reflect.NativeMethodAccessorImpl.invoke(NativeMethodAccessorImpl.java:62)
	at sun.reflect.DelegatingMethodAccessorImpl.invoke(DelegatingMethodAccessorImpl.java:43)
	at java.lang.reflect.Method.invoke(Method.java:498)
	at org.junit.runners.model.FrameworkMethod$1.runReflectiveCall(FrameworkMethod.java:50)
	at org.junit.internal.runners.model.ReflectiveCallable.run(ReflectiveCallable.java:12)
	at org.junit.runners.model.FrameworkMethod.invokeExplosively(FrameworkMethod.java:47)
	at org.junit.internal.runners.statements.InvokeMethod.evaluate(InvokeMethod.java:17)
	at org.junit.runners.ParentRunner.runLeaf(ParentRunner.java:325)
	at org.junit.runners.BlockJUnit4ClassRunner.runChild(BlockJUnit4ClassRunner.java:78)
	at org.junit.runners.BlockJUnit4ClassRunner.runChild(BlockJUnit4ClassRunner.java:57)
	at org.junit.runners.ParentRunner$3.run(ParentRunner.java:290)
	at org.junit.runners.ParentRunner$1.schedule(ParentRunner.java:71)
	at org.junit.runners.ParentRunner.runChildren(ParentRunner.java:288)
	at org.junit.runners.ParentRunner.access$000(ParentRunner.java:58)
	at org.junit.runners.ParentRunner$2.evaluate(ParentRunner.java:268)
	at org.junit.runners.ParentRunner.run(ParentRunner.java:363)
	at org.apache.maven.surefire.junit4.JUnit4Provider.execute(JUnit4Provider.java:252)
	at org.apache.maven.surefire.junit4.JUnit4Provider.executeTestSet(JUnit4Provider.java:141)
	at org.apache.maven.surefire.junit4.JUnit4Provider.invoke(JUnit4Provider.java:112)
	at sun.reflect.NativeMethodAccessorImpl.invoke0(Native Method)
	at sun.reflect.NativeMethodAccessorImpl.invoke(NativeMethodAccessorImpl.java:62)
	at sun.reflect.DelegatingMethodAccessorImpl.invoke(DelegatingMethodAccessorImpl.java:43)
	at java.lang.reflect.Method.invoke(Method.java:498)
	at org.apache.maven.surefire.util.ReflectionUtils.invokeMethodWithArray(ReflectionUtils.java:189)
	at org.apache.maven.surefire.booter.ProviderFactory$ProviderProxy.invoke(ProviderFactory.java:165)
	at org.apache.maven.surefire.booter.ProviderFactory.invokeProvider(ProviderFactory.java:85)
	at org.apache.maven.surefire.booter.ForkedBooter.runSuitesInProcess(ForkedBooter.java:115)
	at org.apache.maven.surefire.booter.ForkedBooter.main(ForkedBooter.java:75)
</failure>
    <system-out>[{&quot;sectionCode&quot;:&quot;ZQS20050001&quot;,&quot;sectionName&quot;:&quot;Profile&quot;,&quot;subSections&quot;:[{&quot;subSectionCode&quot;:&quot;ZQU20050001&quot;,&quot;subSectionName&quot;:&quot;Audit History&quot;,&quot;questions&quot;:[{&quot;questionType&quot;:&quot;DATE&quot;,&quot;questionCode&quot;:&quot;ZQQ20050002&quot;,&quot;questionText&quot;:&quot;If yes date of last [ethical/ social audit]&quot;,&quot;sectorProfiles&quot;:[&quot;TRIGGER&quot;],&quot;possibleAnswers&quot;:[]},{&quot;questionType&quot;:&quot;SINGLE_CHOICE&quot;,&quot;questionCode&quot;:&quot;ZQQ20050001&quot;,&quot;questionText&quot;:&quot;Has this site ever had an [ethical / social audit]&quot;,&quot;sectorProfiles&quot;:[&quot;TRIGGER&quot;],&quot;possibleAnswers&quot;:[{&quot;possibleAnswerCode&quot;:&quot;ZQP20050001&quot;,&quot;possibleAnswerText&quot;:&quot;Yes&quot;},{&quot;possibleAnswerCode&quot;:&quot;ZQP20050002&quot;,&quot;possibleAnswerText&quot;:&quot;No&quot;}]}]},{&quot;subSectionCode&quot;:&quot;ZQU20050002&quot;,&quot;subSectionName&quot;:&quot;Seasonal Variance&quot;,&quot;questions&quot;:[{&quot;questionType&quot;:&quot;MULTIPLE_CHOICE&quot;,&quot;questionCode&quot;:&quot;ZQQ20050003&quot;,&quot;questionText&quot;:&quot;What are the high season months at this site?  Please select all applicable answers.&quot;,&quot;sectorProfiles&quot;:[&quot;TRIGGER&quot;],&quot;possibleAnswers&quot;:[{&quot;possibleAnswerCode&quot;:&quot;ZQP20050003&quot;,&quot;possibleAnswerText&quot;:&quot;JAN&quot;},{&quot;possibleAnswerCode&quot;:&quot;ZQP20050004&quot;,&quot;possibleAnswerText&quot;:&quot;FEB&quot;},{&quot;possibleAnswerCode&quot;:&quot;ZQP20050005&quot;,&quot;possibleAnswerText&quot;:&quot;MAR&quot;},{&quot;possibleAnswerCode&quot;:&quot;ZQP20050006&quot;,&quot;possibleAnswerText&quot;:&quot;APR&quot;},{&quot;possibleAnswerCode&quot;:&quot;ZQP20050007&quot;,&quot;possibleAnswerText&quot;:&quot;MAY&quot;},{&quot;possibleAnswerCode&quot;:&quot;ZQP20050008&quot;,&quot;possibleAnswerText&quot;:&quot;JUN&quot;},{&quot;possibleAnswerCode&quot;:&quot;ZQP20050009&quot;,&quot;possibleAnswerText&quot;:&quot;JUL&quot;},{&quot;possibleAnswerCode&quot;:&quot;ZQP20050010&quot;,&quot;possibleAnswerText&quot;:&quot;AUG&quot;},{&quot;possibleAnswerCode&quot;:&quot;ZQP20050011&quot;,&quot;possibleAnswerText&quot;:&quot;SEP&quot;},{&quot;possibleAnswerCode&quot;:&quot;ZQP20050012&quot;,&quot;possibleAnswerText&quot;:&quot;OCT&quot;},{&quot;possibleAnswerCode&quot;:&quot;ZQP20050013&quot;,&quot;possibleAnswerText&quot;:&quot;NOV&quot;},{&quot;possibleAnswerCode&quot;:&quot;ZQP20050014&quot;,&quot;possibleAnswerText&quot;:&quot;DEC&quot;},{&quot;possibleAnswerCode&quot;:&quot;ZQP20060001&quot;,&quot;possibleAnswerText&quot;:&quot;N/A&quot;}]}]},{&quot;subSectionCode&quot;:&quot;ZQU20050003&quot;,&quot;subSectionName&quot;:&quot;Worker Types&quot;,&quot;questions&quot;:[{&quot;questionType&quot;:&quot;NUMBER&quot;,&quot;questionCode&quot;:&quot;ZQQ20050010-WRONG&quot;,&quot;questionText&quot;:&quot;#MISSING LABEL#&quot;,&quot;sectorProfiles&quot;:[],&quot;possibleAnswers&quot;:[]},{&quot;questionType&quot;:&quot;NUMBER&quot;,&quot;questionCode&quot;:&quot;ZQQ20050008&quot;,&quot;questionText&quot;:&quot;What is the number of employees/workers between 14 and 15  working at this site ?&quot;,&quot;sectorProfiles&quot;:[&quot;BIGAGRI&quot;,&quot;FISHVESL&quot;,&quot;MANUFACT&quot;,&quot;SMALLAGRI&quot;],&quot;possibleAnswers&quot;:[]},{&quot;questionType&quot;:&quot;MULTIPLE_CHOICE&quot;,&quot;questionCode&quot;:&quot;ZQQ20050004&quot;,&quot;questionText&quot;:&quot;What are the nationalities of employees/workers located at this site?  Please select all applicable answers.&quot;,&quot;sectorProfiles&quot;:[&quot;BIGAGRI&quot;,&quot;MANUFACT&quot;],&quot;possibleAnswers&quot;:[{&quot;possibleAnswerCode&quot;:&quot;ZQP20050015&quot;,&quot;possibleAnswerText&quot;:&quot;Afghan&quot;},{&quot;possibleAnswerCode&quot;:&quot;ZQP20050016&quot;,&quot;possibleAnswerText&quot;:&quot;Ålänning&quot;},{&quot;possibleAnswerCode&quot;:&quot;ZQP20050017&quot;,&quot;possibleAnswerText&quot;:&quot;Albanian&quot;},{&quot;possibleAnswerCode&quot;:&quot;ZQP20050018&quot;,&quot;possibleAnswerText&quot;:&quot;Algerian&quot;},{&quot;possibleAnswerCode&quot;:&quot;ZQP20050019&quot;,&quot;possibleAnswerText&quot;:&quot;American&quot;},{&quot;possibleAnswerCode&quot;:&quot;ZQP20050020&quot;,&quot;possibleAnswerText&quot;:&quot;American Samoan&quot;},{&quot;possibleAnswerCode&quot;:&quot;ZQP20050021&quot;,&quot;possibleAnswerText&quot;:&quot;Andorran&quot;},{&quot;possibleAnswerCode&quot;:&quot;ZQP20050022&quot;,&quot;possibleAnswerText&quot;:&quot;Angolan&quot;},{&quot;possibleAnswerCode&quot;:&quot;ZQP20050023&quot;,&quot;possibleAnswerText&quot;:&quot;Anguillian&quot;},{&quot;possibleAnswerCode&quot;:&quot;ZQP20050024&quot;,&quot;possibleAnswerText&quot;:&quot;Antiguan&quot;},{&quot;possibleAnswerCode&quot;:&quot;ZQP20050025&quot;,&quot;possibleAnswerText&quot;:&quot;Argentinian&quot;},{&quot;possibleAnswerCode&quot;:&quot;ZQP20050026&quot;,&quot;possibleAnswerText&quot;:&quot;Armenian&quot;},{&quot;possibleAnswerCode&quot;:&quot;ZQP20050027&quot;,&quot;possibleAnswerText&quot;:&quot;Aruban&quot;},{&quot;possibleAnswerCode&quot;:&quot;ZQP20050028&quot;,&quot;possibleAnswerText&quot;:&quot;Australian&quot;},{&quot;possibleAnswerCode&quot;:&quot;ZQP20050029&quot;,&quot;possibleAnswerText&quot;:&quot;Austrian&quot;},{&quot;possibleAnswerCode&quot;:&quot;ZQP20050030&quot;,&quot;possibleAnswerText&quot;:&quot;Azerbaijani&quot;},{&quot;possibleAnswerCode&quot;:&quot;ZQP20050031&quot;,&quot;possibleAnswerText&quot;:&quot;Bahamian&quot;},{&quot;possibleAnswerCode&quot;:&quot;ZQP20050032&quot;,&quot;possibleAnswerText&quot;:&quot;Bahraini&quot;},{&quot;possibleAnswerCode&quot;:&quot;ZQP20050033&quot;,&quot;possibleAnswerText&quot;:&quot;Bangladeshi&quot;},{&quot;possibleAnswerCode&quot;:&quot;ZQP20050034&quot;,&quot;possibleAnswerText&quot;:&quot;Barbadian&quot;},{&quot;possibleAnswerCode&quot;:&quot;ZQP20050035&quot;,&quot;possibleAnswerText&quot;:&quot;Belarussian&quot;},{&quot;possibleAnswerCode&quot;:&quot;ZQP20050036&quot;,&quot;possibleAnswerText&quot;:&quot;Belgian&quot;},{&quot;possibleAnswerCode&quot;:&quot;ZQP20050037&quot;,&quot;possibleAnswerText&quot;:&quot;Belizean&quot;},{&quot;possibleAnswerCode&quot;:&quot;ZQP20050038&quot;,&quot;possibleAnswerText&quot;:&quot;Beninese&quot;},{&quot;possibleAnswerCode&quot;:&quot;ZQP20050039&quot;,&quot;possibleAnswerText&quot;:&quot;Bermudian&quot;},{&quot;possibleAnswerCode&quot;:&quot;ZQP20050040&quot;,&quot;possibleAnswerText&quot;:&quot;Bhutanese&quot;},{&quot;possibleAnswerCode&quot;:&quot;ZQP20050041&quot;,&quot;possibleAnswerText&quot;:&quot;Bissau-Guinean&quot;},{&quot;possibleAnswerCode&quot;:&quot;ZQP20050042&quot;,&quot;possibleAnswerText&quot;:&quot;Bolivian&quot;},{&quot;possibleAnswerCode&quot;:&quot;ZQP20050043&quot;,&quot;possibleAnswerText&quot;:&quot;Bosnians&quot;},{&quot;possibleAnswerCode&quot;:&quot;ZQP20050044&quot;,&quot;possibleAnswerText&quot;:&quot;Botzwanian&quot;},{&quot;possibleAnswerCode&quot;:&quot;ZQP20050045&quot;,&quot;possibleAnswerText&quot;:&quot;Brazilian&quot;},{&quot;possibleAnswerCode&quot;:&quot;ZQP20050046&quot;,&quot;possibleAnswerText&quot;:&quot;British&quot;},{&quot;possibleAnswerCode&quot;:&quot;ZQP20050047&quot;,&quot;possibleAnswerText&quot;:&quot;Bruneian&quot;},{&quot;possibleAnswerCode&quot;:&quot;ZQP20050048&quot;,&quot;possibleAnswerText&quot;:&quot;Bulgarian&quot;},{&quot;possibleAnswerCode&quot;:&quot;ZQP20050049&quot;,&quot;possibleAnswerText&quot;:&quot;Burkinabé&quot;},{&quot;possibleAnswerCode&quot;:&quot;ZQP20050050&quot;,&quot;possibleAnswerText&quot;:&quot;Burmese&quot;},{&quot;possibleAnswerCode&quot;:&quot;ZQP20050051&quot;,&quot;possibleAnswerText&quot;:&quot;Burundian&quot;},{&quot;possibleAnswerCode&quot;:&quot;ZQP20050052&quot;,&quot;possibleAnswerText&quot;:&quot;Cambodian&quot;},{&quot;possibleAnswerCode&quot;:&quot;ZQP20050053&quot;,&quot;possibleAnswerText&quot;:&quot;Cameroonian&quot;},{&quot;possibleAnswerCode&quot;:&quot;ZQP20050054&quot;,&quot;possibleAnswerText&quot;:&quot;Canadian&quot;},{&quot;possibleAnswerCode&quot;:&quot;ZQP20050055&quot;,&quot;possibleAnswerText&quot;:&quot;Cape Verdean&quot;},{&quot;possibleAnswerCode&quot;:&quot;ZQP20050056&quot;,&quot;possibleAnswerText&quot;:&quot;Caymanian&quot;},{&quot;possibleAnswerCode&quot;:&quot;ZQP20050057&quot;,&quot;possibleAnswerText&quot;:&quot;Central African&quot;},{&quot;possibleAnswerCode&quot;:&quot;ZQP20050058&quot;,&quot;possibleAnswerText&quot;:&quot;Chadian&quot;},{&quot;possibleAnswerCode&quot;:&quot;ZQP20050059&quot;,&quot;possibleAnswerText&quot;:&quot;Chilean&quot;},{&quot;possibleAnswerCode&quot;:&quot;ZQP20050060&quot;,&quot;possibleAnswerText&quot;:&quot;Chinese&quot;},{&quot;possibleAnswerCode&quot;:&quot;ZQP20050061&quot;,&quot;possibleAnswerText&quot;:&quot;Christmas Islanders&quot;},{&quot;possibleAnswerCode&quot;:&quot;ZQP20050062&quot;,&quot;possibleAnswerText&quot;:&quot;Cocossian&quot;},{&quot;possibleAnswerCode&quot;:&quot;ZQP20050063&quot;,&quot;possibleAnswerText&quot;:&quot;Colombian&quot;},{&quot;possibleAnswerCode&quot;:&quot;ZQP20050064&quot;,&quot;possibleAnswerText&quot;:&quot;Comoran&quot;},{&quot;possibleAnswerCode&quot;:&quot;ZQP20050065&quot;,&quot;possibleAnswerText&quot;:&quot;Congolese&quot;},{&quot;possibleAnswerCode&quot;:&quot;ZQP20050066&quot;,&quot;possibleAnswerText&quot;:&quot;Cook Islander&quot;},{&quot;possibleAnswerCode&quot;:&quot;ZQP20050067&quot;,&quot;possibleAnswerText&quot;:&quot;Costa Rican&quot;},{&quot;possibleAnswerCode&quot;:&quot;ZQP20050068&quot;,&quot;possibleAnswerText&quot;:&quot;Croatian&quot;},{&quot;possibleAnswerCode&quot;:&quot;ZQP20050069&quot;,&quot;possibleAnswerText&quot;:&quot;Cuban&quot;},{&quot;possibleAnswerCode&quot;:&quot;ZQP20050070&quot;,&quot;possibleAnswerText&quot;:&quot;Curaçaoan&quot;},{&quot;possibleAnswerCode&quot;:&quot;ZQP20050071&quot;,&quot;possibleAnswerText&quot;:&quot;Cypriot&quot;},{&quot;possibleAnswerCode&quot;:&quot;ZQP20050072&quot;,&quot;possibleAnswerText&quot;:&quot;Czech&quot;},{&quot;possibleAnswerCode&quot;:&quot;ZQP20050073&quot;,&quot;possibleAnswerText&quot;:&quot;Danish&quot;},{&quot;possibleAnswerCode&quot;:&quot;ZQP20050074&quot;,&quot;possibleAnswerText&quot;:&quot;Djiboutian&quot;},{&quot;possibleAnswerCode&quot;:&quot;ZQP20050075&quot;,&quot;possibleAnswerText&quot;:&quot;Dominican&quot;},{&quot;possibleAnswerCode&quot;:&quot;ZQP20050076&quot;,&quot;possibleAnswerText&quot;:&quot;Dutch&quot;},{&quot;possibleAnswerCode&quot;:&quot;ZQP20050077&quot;,&quot;possibleAnswerText&quot;:&quot;East Timorese&quot;},{&quot;possibleAnswerCode&quot;:&quot;ZQP20050078&quot;,&quot;possibleAnswerText&quot;:&quot;Ecuadorean&quot;},{&quot;possibleAnswerCode&quot;:&quot;ZQP20050079&quot;,&quot;possibleAnswerText&quot;:&quot;Egyptian&quot;},{&quot;possibleAnswerCode&quot;:&quot;ZQP20050080&quot;,&quot;possibleAnswerText&quot;:&quot;Emirati&quot;},{&quot;possibleAnswerCode&quot;:&quot;ZQP20050081&quot;,&quot;possibleAnswerText&quot;:&quot;Equatoguinean&quot;},{&quot;possibleAnswerCode&quot;:&quot;ZQP20050082&quot;,&quot;possibleAnswerText&quot;:&quot;Eritrean&quot;},{&quot;possibleAnswerCode&quot;:&quot;ZQP20050083&quot;,&quot;possibleAnswerText&quot;:&quot;Estonian&quot;},{&quot;possibleAnswerCode&quot;:&quot;ZQP20050084&quot;,&quot;possibleAnswerText&quot;:&quot;Ethiopian&quot;},{&quot;possibleAnswerCode&quot;:&quot;ZQP20050085&quot;,&quot;possibleAnswerText&quot;:&quot;Falkland Islander&quot;},{&quot;possibleAnswerCode&quot;:&quot;ZQP20050086&quot;,&quot;possibleAnswerText&quot;:&quot;Faroese&quot;},{&quot;possibleAnswerCode&quot;:&quot;ZQP20050087&quot;,&quot;possibleAnswerText&quot;:&quot;Fijian&quot;},{&quot;possibleAnswerCode&quot;:&quot;ZQP20050088&quot;,&quot;possibleAnswerText&quot;:&quot;Filipino&quot;},{&quot;possibleAnswerCode&quot;:&quot;ZQP20050089&quot;,&quot;possibleAnswerText&quot;:&quot;Finnish&quot;},{&quot;possibleAnswerCode&quot;:&quot;ZQP20050090&quot;,&quot;possibleAnswerText&quot;:&quot;French&quot;},{&quot;possibleAnswerCode&quot;:&quot;ZQP20050091&quot;,&quot;possibleAnswerText&quot;:&quot;French Polynesian&quot;},{&quot;possibleAnswerCode&quot;:&quot;ZQP20050092&quot;,&quot;possibleAnswerText&quot;:&quot;Gabonese&quot;},{&quot;possibleAnswerCode&quot;:&quot;ZQP20050093&quot;,&quot;possibleAnswerText&quot;:&quot;Gambian&quot;},{&quot;possibleAnswerCode&quot;:&quot;ZQP20050094&quot;,&quot;possibleAnswerText&quot;:&quot;Georgian&quot;},{&quot;possibleAnswerCode&quot;:&quot;ZQP20050095&quot;,&quot;possibleAnswerText&quot;:&quot;German&quot;},{&quot;possibleAnswerCode&quot;:&quot;ZQP20050096&quot;,&quot;possibleAnswerText&quot;:&quot;Ghanian&quot;},{&quot;possibleAnswerCode&quot;:&quot;ZQP20050097&quot;,&quot;possibleAnswerText&quot;:&quot;Gibraltarian&quot;},{&quot;possibleAnswerCode&quot;:&quot;ZQP20050098&quot;,&quot;possibleAnswerText&quot;:&quot;Greek&quot;},{&quot;possibleAnswerCode&quot;:&quot;ZQP20050099&quot;,&quot;possibleAnswerText&quot;:&quot;Greenlandic&quot;},{&quot;possibleAnswerCode&quot;:&quot;ZQP20050100&quot;,&quot;possibleAnswerText&quot;:&quot;Grenadian&quot;},{&quot;possibleAnswerCode&quot;:&quot;ZQP20050101&quot;,&quot;possibleAnswerText&quot;:&quot;Guatemalan&quot;},{&quot;possibleAnswerCode&quot;:&quot;ZQP20050102&quot;,&quot;possibleAnswerText&quot;:&quot;Guinean&quot;},{&quot;possibleAnswerCode&quot;:&quot;ZQP20050103&quot;,&quot;possibleAnswerText&quot;:&quot;Guyanese&quot;},{&quot;possibleAnswerCode&quot;:&quot;ZQP20050104&quot;,&quot;possibleAnswerText&quot;:&quot;Haitian&quot;},{&quot;possibleAnswerCode&quot;:&quot;ZQP20050105&quot;,&quot;possibleAnswerText&quot;:&quot;Honduran&quot;},{&quot;possibleAnswerCode&quot;:&quot;ZQP20050106&quot;,&quot;possibleAnswerText&quot;:&quot;Hong Konger&quot;},{&quot;possibleAnswerCode&quot;:&quot;ZQP20050107&quot;,&quot;possibleAnswerText&quot;:&quot;Hungarian&quot;},{&quot;possibleAnswerCode&quot;:&quot;ZQP20050108&quot;,&quot;possibleAnswerText&quot;:&quot;Icelandic&quot;},{&quot;possibleAnswerCode&quot;:&quot;ZQP20050109&quot;,&quot;possibleAnswerText&quot;:&quot;I-Kiribati&quot;},{&quot;possibleAnswerCode&quot;:&quot;ZQP20050110&quot;,&quot;possibleAnswerText&quot;:&quot;Indian&quot;},{&quot;possibleAnswerCode&quot;:&quot;ZQP20050111&quot;,&quot;possibleAnswerText&quot;:&quot;Indonesian&quot;},{&quot;possibleAnswerCode&quot;:&quot;ZQP20050112&quot;,&quot;possibleAnswerText&quot;:&quot;Iranian&quot;},{&quot;possibleAnswerCode&quot;:&quot;ZQP20050113&quot;,&quot;possibleAnswerText&quot;:&quot;Iraqi&quot;},{&quot;possibleAnswerCode&quot;:&quot;ZQP20050114&quot;,&quot;possibleAnswerText&quot;:&quot;Irish&quot;},{&quot;possibleAnswerCode&quot;:&quot;ZQP20050115&quot;,&quot;possibleAnswerText&quot;:&quot;Israeli&quot;},{&quot;possibleAnswerCode&quot;:&quot;ZQP20050116&quot;,&quot;possibleAnswerText&quot;:&quot;Italian&quot;},{&quot;possibleAnswerCode&quot;:&quot;ZQP20050117&quot;,&quot;possibleAnswerText&quot;:&quot;Ivorian&quot;},{&quot;possibleAnswerCode&quot;:&quot;ZQP20050118&quot;,&quot;possibleAnswerText&quot;:&quot;Jamaican&quot;},{&quot;possibleAnswerCode&quot;:&quot;ZQP20050119&quot;,&quot;possibleAnswerText&quot;:&quot;Japanese&quot;},{&quot;possibleAnswerCode&quot;:&quot;ZQP20050120&quot;,&quot;possibleAnswerText&quot;:&quot;Jordanian&quot;},{&quot;possibleAnswerCode&quot;:&quot;ZQP20050121&quot;,&quot;possibleAnswerText&quot;:&quot;Kenyan&quot;},{&quot;possibleAnswerCode&quot;:&quot;ZQP20050122&quot;,&quot;possibleAnswerText&quot;:&quot;Khazakstani&quot;},{&quot;possibleAnswerCode&quot;:&quot;ZQP20050123&quot;,&quot;possibleAnswerText&quot;:&quot;Kittitian&quot;},{&quot;possibleAnswerCode&quot;:&quot;ZQP20050124&quot;,&quot;possibleAnswerText&quot;:&quot;Kuwaiti&quot;},{&quot;possibleAnswerCode&quot;:&quot;ZQP20050125&quot;,&quot;possibleAnswerText&quot;:&quot;Kyrgyz&quot;},{&quot;possibleAnswerCode&quot;:&quot;ZQP20050126&quot;,&quot;possibleAnswerText&quot;:&quot;Laotian&quot;},{&quot;possibleAnswerCode&quot;:&quot;ZQP20050127&quot;,&quot;possibleAnswerText&quot;:&quot;Latvian&quot;},{&quot;possibleAnswerCode&quot;:&quot;ZQP20050128&quot;,&quot;possibleAnswerText&quot;:&quot;Lebanese&quot;},{&quot;possibleAnswerCode&quot;:&quot;ZQP20050129&quot;,&quot;possibleAnswerText&quot;:&quot;Liberian&quot;},{&quot;possibleAnswerCode&quot;:&quot;ZQP20050130&quot;,&quot;possibleAnswerText&quot;:&quot;Libyans&quot;},{&quot;possibleAnswerCode&quot;:&quot;ZQP20050131&quot;,&quot;possibleAnswerText&quot;:&quot;Liechtensteiner&quot;},{&quot;possibleAnswerCode&quot;:&quot;ZQP20050132&quot;,&quot;possibleAnswerText&quot;:&quot;Lithuanian&quot;},{&quot;possibleAnswerCode&quot;:&quot;ZQP20050133&quot;,&quot;possibleAnswerText&quot;:&quot;Luxembourgers&quot;},{&quot;possibleAnswerCode&quot;:&quot;ZQP20050134&quot;,&quot;possibleAnswerText&quot;:&quot;Macanese&quot;},{&quot;possibleAnswerCode&quot;:&quot;ZQP20050135&quot;,&quot;possibleAnswerText&quot;:&quot;Macedonian&quot;},{&quot;possibleAnswerCode&quot;:&quot;ZQP20050136&quot;,&quot;possibleAnswerText&quot;:&quot;Mahoran&quot;},{&quot;possibleAnswerCode&quot;:&quot;ZQP20050137&quot;,&quot;possibleAnswerText&quot;:&quot;Malagasy&quot;},{&quot;possibleAnswerCode&quot;:&quot;ZQP20050138&quot;,&quot;possibleAnswerText&quot;:&quot;Malawian&quot;},{&quot;possibleAnswerCode&quot;:&quot;ZQP20050139&quot;,&quot;possibleAnswerText&quot;:&quot;Malaysian&quot;},{&quot;possibleAnswerCode&quot;:&quot;ZQP20050140&quot;,&quot;possibleAnswerText&quot;:&quot;Maldivian&quot;},{&quot;possibleAnswerCode&quot;:&quot;ZQP20050141&quot;,&quot;possibleAnswerText&quot;:&quot;Malian&quot;},{&quot;possibleAnswerCode&quot;:&quot;ZQP20050142&quot;,&quot;possibleAnswerText&quot;:&quot;Maltese&quot;},{&quot;possibleAnswerCode&quot;:&quot;ZQP20050143&quot;,&quot;possibleAnswerText&quot;:&quot;Marshallese&quot;},{&quot;possibleAnswerCode&quot;:&quot;ZQP20050144&quot;,&quot;possibleAnswerText&quot;:&quot;Mauritanian&quot;},{&quot;possibleAnswerCode&quot;:&quot;ZQP20050145&quot;,&quot;possibleAnswerText&quot;:&quot;Mauritian&quot;},{&quot;possibleAnswerCode&quot;:&quot;ZQP20050146&quot;,&quot;possibleAnswerText&quot;:&quot;Mexican&quot;},{&quot;possibleAnswerCode&quot;:&quot;ZQP20050147&quot;,&quot;possibleAnswerText&quot;:&quot;Micronesian&quot;},{&quot;possibleAnswerCode&quot;:&quot;ZQP20050148&quot;,&quot;possibleAnswerText&quot;:&quot;Moldovan&quot;},{&quot;possibleAnswerCode&quot;:&quot;ZQP20050149&quot;,&quot;possibleAnswerText&quot;:&quot;Monégasque&quot;},{&quot;possibleAnswerCode&quot;:&quot;ZQP20050150&quot;,&quot;possibleAnswerText&quot;:&quot;Mongolian&quot;},{&quot;possibleAnswerCode&quot;:&quot;ZQP20050151&quot;,&quot;possibleAnswerText&quot;:&quot;Montenegrin&quot;},{&quot;possibleAnswerCode&quot;:&quot;ZQP20050152&quot;,&quot;possibleAnswerText&quot;:&quot;Moroccan&quot;},{&quot;possibleAnswerCode&quot;:&quot;ZQP20050153&quot;,&quot;possibleAnswerText&quot;:&quot;Mosotho&quot;},{&quot;possibleAnswerCode&quot;:&quot;ZQP20050154&quot;,&quot;possibleAnswerText&quot;:&quot;Mozambican&quot;},{&quot;possibleAnswerCode&quot;:&quot;ZQP20050155&quot;,&quot;possibleAnswerText&quot;:&quot;Namibian&quot;},{&quot;possibleAnswerCode&quot;:&quot;ZQP20050156&quot;,&quot;possibleAnswerText&quot;:&quot;Nauruan&quot;},{&quot;possibleAnswerCode&quot;:&quot;ZQP20050157&quot;,&quot;possibleAnswerText&quot;:&quot;Nepalese&quot;},{&quot;possibleAnswerCode&quot;:&quot;ZQP20050158&quot;,&quot;possibleAnswerText&quot;:&quot;New Zealander&quot;},{&quot;possibleAnswerCode&quot;:&quot;ZQP20050159&quot;,&quot;possibleAnswerText&quot;:&quot;Nicaraguan&quot;},{&quot;possibleAnswerCode&quot;:&quot;ZQP20050160&quot;,&quot;possibleAnswerText&quot;:&quot;Nigerian&quot;},{&quot;possibleAnswerCode&quot;:&quot;ZQP20050161&quot;,&quot;possibleAnswerText&quot;:&quot;Nigerien&quot;},{&quot;possibleAnswerCode&quot;:&quot;ZQP20050162&quot;,&quot;possibleAnswerText&quot;:&quot;Ni-Vanuatu&quot;},{&quot;possibleAnswerCode&quot;:&quot;ZQP20050163&quot;,&quot;possibleAnswerText&quot;:&quot;North Korean&quot;},{&quot;possibleAnswerCode&quot;:&quot;ZQP20050164&quot;,&quot;possibleAnswerText&quot;:&quot;Norwegian&quot;},{&quot;possibleAnswerCode&quot;:&quot;ZQP20050165&quot;,&quot;possibleAnswerText&quot;:&quot;Omani&quot;},{&quot;possibleAnswerCode&quot;:&quot;ZQP20050166&quot;,&quot;possibleAnswerText&quot;:&quot;Other&quot;},{&quot;possibleAnswerCode&quot;:&quot;ZQP20050167&quot;,&quot;possibleAnswerText&quot;:&quot;Pakistani&quot;},{&quot;possibleAnswerCode&quot;:&quot;ZQP20050168&quot;,&quot;possibleAnswerText&quot;:&quot;Palauan&quot;},{&quot;possibleAnswerCode&quot;:&quot;ZQP20050169&quot;,&quot;possibleAnswerText&quot;:&quot;Palestinian&quot;},{&quot;possibleAnswerCode&quot;:&quot;ZQP20050170&quot;,&quot;possibleAnswerText&quot;:&quot;Panamanian&quot;},{&quot;possibleAnswerCode&quot;:&quot;ZQP20050171&quot;,&quot;possibleAnswerText&quot;:&quot;Papua New Guinean&quot;},{&quot;possibleAnswerCode&quot;:&quot;ZQP20050172&quot;,&quot;possibleAnswerText&quot;:&quot;Paraguayan&quot;},{&quot;possibleAnswerCode&quot;:&quot;ZQP20050173&quot;,&quot;possibleAnswerText&quot;:&quot;Peruvian&quot;},{&quot;possibleAnswerCode&quot;:&quot;ZQP20050174&quot;,&quot;possibleAnswerText&quot;:&quot;Polish&quot;},{&quot;possibleAnswerCode&quot;:&quot;ZQP20050175&quot;,&quot;possibleAnswerText&quot;:&quot;Portuguese&quot;},{&quot;possibleAnswerCode&quot;:&quot;ZQP20050176&quot;,&quot;possibleAnswerText&quot;:&quot;Puerto Rican&quot;},{&quot;possibleAnswerCode&quot;:&quot;ZQP20050177&quot;,&quot;possibleAnswerText&quot;:&quot;Qatari&quot;},{&quot;possibleAnswerCode&quot;:&quot;ZQP20050178&quot;,&quot;possibleAnswerText&quot;:&quot;Romanian&quot;},{&quot;possibleAnswerCode&quot;:&quot;ZQP20050179&quot;,&quot;possibleAnswerText&quot;:&quot;Russian&quot;},{&quot;possibleAnswerCode&quot;:&quot;ZQP20050180&quot;,&quot;possibleAnswerText&quot;:&quot;Rwandan&quot;},{&quot;possibleAnswerCode&quot;:&quot;ZQP20050181&quot;,&quot;possibleAnswerText&quot;:&quot;Saint Lucian&quot;},{&quot;possibleAnswerCode&quot;:&quot;ZQP20050182&quot;,&quot;possibleAnswerText&quot;:&quot;Salvadoran&quot;},{&quot;possibleAnswerCode&quot;:&quot;ZQP20050183&quot;,&quot;possibleAnswerText&quot;:&quot;Sammarinese&quot;},{&quot;possibleAnswerCode&quot;:&quot;ZQP20050184&quot;,&quot;possibleAnswerText&quot;:&quot;Samoan&quot;},{&quot;possibleAnswerCode&quot;:&quot;ZQP20050185&quot;,&quot;possibleAnswerText&quot;:&quot;Santomean&quot;},{&quot;possibleAnswerCode&quot;:&quot;ZQP20050186&quot;,&quot;possibleAnswerText&quot;:&quot;Saudi Arabian&quot;},{&quot;possibleAnswerCode&quot;:&quot;ZQP20050187&quot;,&quot;possibleAnswerText&quot;:&quot;Senegalese&quot;},{&quot;possibleAnswerCode&quot;:&quot;ZQP20050188&quot;,&quot;possibleAnswerText&quot;:&quot;Serbian&quot;},{&quot;possibleAnswerCode&quot;:&quot;ZQP20050189&quot;,&quot;possibleAnswerText&quot;:&quot;Seychellois&quot;},{&quot;possibleAnswerCode&quot;:&quot;ZQP20050190&quot;,&quot;possibleAnswerText&quot;:&quot;Sierra Leonean&quot;},{&quot;possibleAnswerCode&quot;:&quot;ZQP20050191&quot;,&quot;possibleAnswerText&quot;:&quot;Singaporean&quot;},{&quot;possibleAnswerCode&quot;:&quot;ZQP20050192&quot;,&quot;possibleAnswerText&quot;:&quot;Slovak&quot;},{&quot;possibleAnswerCode&quot;:&quot;ZQP20050193&quot;,&quot;possibleAnswerText&quot;:&quot;Slovenian&quot;},{&quot;possibleAnswerCode&quot;:&quot;ZQP20050194&quot;,&quot;possibleAnswerText&quot;:&quot;Solomon Islander&quot;},{&quot;possibleAnswerCode&quot;:&quot;ZQP20050195&quot;,&quot;possibleAnswerText&quot;:&quot;Somali&quot;},{&quot;possibleAnswerCode&quot;:&quot;ZQP20050196&quot;,&quot;possibleAnswerText&quot;:&quot;South African&quot;},{&quot;possibleAnswerCode&quot;:&quot;ZQP20050197&quot;,&quot;possibleAnswerText&quot;:&quot;South Korean&quot;},{&quot;possibleAnswerCode&quot;:&quot;ZQP20050198&quot;,&quot;possibleAnswerText&quot;:&quot;Spanish&quot;},{&quot;possibleAnswerCode&quot;:&quot;ZQP20050199&quot;,&quot;possibleAnswerText&quot;:&quot;Sri Lankan&quot;},{&quot;possibleAnswerCode&quot;:&quot;ZQP20050200&quot;,&quot;possibleAnswerText&quot;:&quot;Sudanese&quot;},{&quot;possibleAnswerCode&quot;:&quot;ZQP20050201&quot;,&quot;possibleAnswerText&quot;:&quot;Surinamese&quot;},{&quot;possibleAnswerCode&quot;:&quot;ZQP20050202&quot;,&quot;possibleAnswerText&quot;:&quot;Swazi&quot;},{&quot;possibleAnswerCode&quot;:&quot;ZQP20050203&quot;,&quot;possibleAnswerText&quot;:&quot;Swedish&quot;},{&quot;possibleAnswerCode&quot;:&quot;ZQP20050204&quot;,&quot;possibleAnswerText&quot;:&quot;Swiss&quot;},{&quot;possibleAnswerCode&quot;:&quot;ZQP20050205&quot;,&quot;possibleAnswerText&quot;:&quot;Syrian&quot;},{&quot;possibleAnswerCode&quot;:&quot;ZQP20050206&quot;,&quot;possibleAnswerText&quot;:&quot;Taiwanese&quot;},{&quot;possibleAnswerCode&quot;:&quot;ZQP20050207&quot;,&quot;possibleAnswerText&quot;:&quot;Tajikistani&quot;},{&quot;possibleAnswerCode&quot;:&quot;ZQP20050208&quot;,&quot;possibleAnswerText&quot;:&quot;Tanzanian&quot;},{&quot;possibleAnswerCode&quot;:&quot;ZQP20050209&quot;,&quot;possibleAnswerText&quot;:&quot;Thai&quot;},{&quot;possibleAnswerCode&quot;:&quot;ZQP20050210&quot;,&quot;possibleAnswerText&quot;:&quot;Togolese&quot;},{&quot;possibleAnswerCode&quot;:&quot;ZQP20050211&quot;,&quot;possibleAnswerText&quot;:&quot;Tokelauan&quot;},{&quot;possibleAnswerCode&quot;:&quot;ZQP20050212&quot;,&quot;possibleAnswerText&quot;:&quot;Tongan&quot;},{&quot;possibleAnswerCode&quot;:&quot;ZQP20050213&quot;,&quot;possibleAnswerText&quot;:&quot;Trinidadian&quot;},{&quot;possibleAnswerCode&quot;:&quot;ZQP20050214&quot;,&quot;possibleAnswerText&quot;:&quot;Tunisian&quot;},{&quot;possibleAnswerCode&quot;:&quot;ZQP20050215&quot;,&quot;possibleAnswerText&quot;:&quot;Turkish&quot;},{&quot;possibleAnswerCode&quot;:&quot;ZQP20050216&quot;,&quot;possibleAnswerText&quot;:&quot;Turkmen&quot;},{&quot;possibleAnswerCode&quot;:&quot;ZQP20050217&quot;,&quot;possibleAnswerText&quot;:&quot;Turks and Caicos Islander&quot;},{&quot;possibleAnswerCode&quot;:&quot;ZQP20050218&quot;,&quot;possibleAnswerText&quot;:&quot;Tuvaluan&quot;},{&quot;possibleAnswerCode&quot;:&quot;ZQP20050219&quot;,&quot;possibleAnswerText&quot;:&quot;Ugandan&quot;},{&quot;possibleAnswerCode&quot;:&quot;ZQP20050220&quot;,&quot;possibleAnswerText&quot;:&quot;Ukrainian&quot;},{&quot;possibleAnswerCode&quot;:&quot;ZQP20050221&quot;,&quot;possibleAnswerText&quot;:&quot;Uruguayan&quot;},{&quot;possibleAnswerCode&quot;:&quot;ZQP20050222&quot;,&quot;possibleAnswerText&quot;:&quot;US Virgin Islander&quot;},{&quot;possibleAnswerCode&quot;:&quot;ZQP20050223&quot;,&quot;possibleAnswerText&quot;:&quot;Uzbekistani&quot;},{&quot;possibleAnswerCode&quot;:&quot;ZQP20050224&quot;,&quot;possibleAnswerText&quot;:&quot;Venezuelan&quot;},{&quot;possibleAnswerCode&quot;:&quot;ZQP20050225&quot;,&quot;possibleAnswerText&quot;:&quot;Vietnamese&quot;},{&quot;possibleAnswerCode&quot;:&quot;ZQP20050226&quot;,&quot;possibleAnswerText&quot;:&quot;Vincentian&quot;},{&quot;possibleAnswerCode&quot;:&quot;ZQP20050227&quot;,&quot;possibleAnswerText&quot;:&quot;Virgin Islander&quot;},{&quot;possibleAnswerCode&quot;:&quot;ZQP20050228&quot;,&quot;possibleAnswerText&quot;:&quot;Wallisian&quot;},{&quot;possibleAnswerCode&quot;:&quot;ZQP20050229&quot;,&quot;possibleAnswerText&quot;:&quot;Western Saharan&quot;},{&quot;possibleAnswerCode&quot;:&quot;ZQP20050230&quot;,&quot;possibleAnswerText&quot;:&quot;Yemeni&quot;},{&quot;possibleAnswerCode&quot;:&quot;ZQP20050231&quot;,&quot;possibleAnswerText&quot;:&quot;Zambian&quot;},{&quot;possibleAnswerCode&quot;:&quot;ZQP20050232&quot;,&quot;possibleAnswerText&quot;:&quot;Zimbabwean&quot;}]},{&quot;questionType&quot;:&quot;MULTIPLE_CHOICE&quot;,&quot;questionCode&quot;:&quot;ZQQ20050005&quot;,&quot;questionText&quot;:&quot;What are the main languages spoken by employees/workers at this site?  Please select all applicable answers.&quot;,&quot;sectorProfiles&quot;:[&quot;BIGAGRI&quot;,&quot;MANUFACT&quot;],&quot;possibleAnswers&quot;:[{&quot;possibleAnswerCode&quot;:&quot;ZQP20050233&quot;,&quot;possibleAnswerText&quot;:&quot;Abkhazian&quot;},{&quot;possibleAnswerCode&quot;:&quot;ZQP20050234&quot;,&quot;possibleAnswerText&quot;:&quot;Achinese&quot;},{&quot;possibleAnswerCode&quot;:&quot;ZQP20050235&quot;,&quot;possibleAnswerText&quot;:&quot;Acoli&quot;},{&quot;possibleAnswerCode&quot;:&quot;ZQP20050236&quot;,&quot;possibleAnswerText&quot;:&quot;Adangme&quot;},{&quot;possibleAnswerCode&quot;:&quot;ZQP20050237&quot;,&quot;possibleAnswerText&quot;:&quot;Adygei&quot;},{&quot;possibleAnswerCode&quot;:&quot;ZQP20050238&quot;,&quot;possibleAnswerText&quot;:&quot;Adyghe&quot;},{&quot;possibleAnswerCode&quot;:&quot;ZQP20050239&quot;,&quot;possibleAnswerText&quot;:&quot;Afar&quot;},{&quot;possibleAnswerCode&quot;:&quot;ZQP20050240&quot;,&quot;possibleAnswerText&quot;:&quot;Afrihili&quot;},{&quot;possibleAnswerCode&quot;:&quot;ZQP20050241&quot;,&quot;possibleAnswerText&quot;:&quot;Afrikaans&quot;},{&quot;possibleAnswerCode&quot;:&quot;ZQP20050242&quot;,&quot;possibleAnswerText&quot;:&quot;Afro-Asiatic languages&quot;},{&quot;possibleAnswerCode&quot;:&quot;ZQP20050243&quot;,&quot;possibleAnswerText&quot;:&quot;Ainu&quot;},{&quot;possibleAnswerCode&quot;:&quot;ZQP20050244&quot;,&quot;possibleAnswerText&quot;:&quot;Akan&quot;},{&quot;possibleAnswerCode&quot;:&quot;ZQP20050245&quot;,&quot;possibleAnswerText&quot;:&quot;Akkadian&quot;},{&quot;possibleAnswerCode&quot;:&quot;ZQP20050246&quot;,&quot;possibleAnswerText&quot;:&quot;Albanian&quot;},{&quot;possibleAnswerCode&quot;:&quot;ZQP20050247&quot;,&quot;possibleAnswerText&quot;:&quot;Alemannic&quot;},{&quot;possibleAnswerCode&quot;:&quot;ZQP20050248&quot;,&quot;possibleAnswerText&quot;:&quot;Aleut&quot;},{&quot;possibleAnswerCode&quot;:&quot;ZQP20050249&quot;,&quot;possibleAnswerText&quot;:&quot;Algonquian languages&quot;},{&quot;possibleAnswerCode&quot;:&quot;ZQP20050250&quot;,&quot;possibleAnswerText&quot;:&quot;Alsatian&quot;},{&quot;possibleAnswerCode&quot;:&quot;ZQP20050251&quot;,&quot;possibleAnswerText&quot;:&quot;Altaic languages&quot;},{&quot;possibleAnswerCode&quot;:&quot;ZQP20050252&quot;,&quot;possibleAnswerText&quot;:&quot;Amharic&quot;},{&quot;possibleAnswerCode&quot;:&quot;ZQP20050253&quot;,&quot;possibleAnswerText&quot;:&quot;Angika&quot;},{&quot;possibleAnswerCode&quot;:&quot;ZQP20050254&quot;,&quot;possibleAnswerText&quot;:&quot;Apache languages&quot;},{&quot;possibleAnswerCode&quot;:&quot;ZQP20050255&quot;,&quot;possibleAnswerText&quot;:&quot;Arabic&quot;},{&quot;possibleAnswerCode&quot;:&quot;ZQP20050256&quot;,&quot;possibleAnswerText&quot;:&quot;Aragonese&quot;},{&quot;possibleAnswerCode&quot;:&quot;ZQP20050257&quot;,&quot;possibleAnswerText&quot;:&quot;Arapaho&quot;},{&quot;possibleAnswerCode&quot;:&quot;ZQP20050258&quot;,&quot;possibleAnswerText&quot;:&quot;Arawak&quot;},{&quot;possibleAnswerCode&quot;:&quot;ZQP20050259&quot;,&quot;possibleAnswerText&quot;:&quot;Armenian&quot;},{&quot;possibleAnswerCode&quot;:&quot;ZQP20050260&quot;,&quot;possibleAnswerText&quot;:&quot;Aromanian&quot;},{&quot;possibleAnswerCode&quot;:&quot;ZQP20050261&quot;,&quot;possibleAnswerText&quot;:&quot;Artificial languages&quot;},{&quot;possibleAnswerCode&quot;:&quot;ZQP20050262&quot;,&quot;possibleAnswerText&quot;:&quot;Arumanian&quot;},{&quot;possibleAnswerCode&quot;:&quot;ZQP20050263&quot;,&quot;possibleAnswerText&quot;:&quot;Assamese&quot;},{&quot;possibleAnswerCode&quot;:&quot;ZQP20050264&quot;,&quot;possibleAnswerText&quot;:&quot;Asturian&quot;},{&quot;possibleAnswerCode&quot;:&quot;ZQP20050265&quot;,&quot;possibleAnswerText&quot;:&quot;Asturleonese&quot;},{&quot;possibleAnswerCode&quot;:&quot;ZQP20050266&quot;,&quot;possibleAnswerText&quot;:&quot;Athapascan languages&quot;},{&quot;possibleAnswerCode&quot;:&quot;ZQP20050267&quot;,&quot;possibleAnswerText&quot;:&quot;Australian languages&quot;},{&quot;possibleAnswerCode&quot;:&quot;ZQP20050268&quot;,&quot;possibleAnswerText&quot;:&quot;Austronesian languages&quot;},{&quot;possibleAnswerCode&quot;:&quot;ZQP20050269&quot;,&quot;possibleAnswerText&quot;:&quot;Avaric&quot;},{&quot;possibleAnswerCode&quot;:&quot;ZQP20050270&quot;,&quot;possibleAnswerText&quot;:&quot;Avestan&quot;},{&quot;possibleAnswerCode&quot;:&quot;ZQP20050271&quot;,&quot;possibleAnswerText&quot;:&quot;Awadhi&quot;},{&quot;possibleAnswerCode&quot;:&quot;ZQP20050272&quot;,&quot;possibleAnswerText&quot;:&quot;Aymara&quot;},{&quot;possibleAnswerCode&quot;:&quot;ZQP20050273&quot;,&quot;possibleAnswerText&quot;:&quot;Azerbaijani&quot;},{&quot;possibleAnswerCode&quot;:&quot;ZQP20050274&quot;,&quot;possibleAnswerText&quot;:&quot;Bable&quot;},{&quot;possibleAnswerCode&quot;:&quot;ZQP20050275&quot;,&quot;possibleAnswerText&quot;:&quot;Balinese&quot;},{&quot;possibleAnswerCode&quot;:&quot;ZQP20050276&quot;,&quot;possibleAnswerText&quot;:&quot;Baltic languages&quot;},{&quot;possibleAnswerCode&quot;:&quot;ZQP20050277&quot;,&quot;possibleAnswerText&quot;:&quot;Baluchi&quot;},{&quot;possibleAnswerCode&quot;:&quot;ZQP20050278&quot;,&quot;possibleAnswerText&quot;:&quot;Bambara&quot;},{&quot;possibleAnswerCode&quot;:&quot;ZQP20050279&quot;,&quot;possibleAnswerText&quot;:&quot;Bamileke languages&quot;},{&quot;possibleAnswerCode&quot;:&quot;ZQP20050280&quot;,&quot;possibleAnswerText&quot;:&quot;Banda languages&quot;},{&quot;possibleAnswerCode&quot;:&quot;ZQP20050281&quot;,&quot;possibleAnswerText&quot;:&quot;Bantu languages&quot;},{&quot;possibleAnswerCode&quot;:&quot;ZQP20050282&quot;,&quot;possibleAnswerText&quot;:&quot;Basa&quot;},{&quot;possibleAnswerCode&quot;:&quot;ZQP20050283&quot;,&quot;possibleAnswerText&quot;:&quot;Bashkir&quot;},{&quot;possibleAnswerCode&quot;:&quot;ZQP20050284&quot;,&quot;possibleAnswerText&quot;:&quot;Basque&quot;},{&quot;possibleAnswerCode&quot;:&quot;ZQP20050285&quot;,&quot;possibleAnswerText&quot;:&quot;Batak languages&quot;},{&quot;possibleAnswerCode&quot;:&quot;ZQP20050286&quot;,&quot;possibleAnswerText&quot;:&quot;Bedawiyet&quot;},{&quot;possibleAnswerCode&quot;:&quot;ZQP20050287&quot;,&quot;possibleAnswerText&quot;:&quot;Beja&quot;},{&quot;possibleAnswerCode&quot;:&quot;ZQP20050288&quot;,&quot;possibleAnswerText&quot;:&quot;Belarusian&quot;},{&quot;possibleAnswerCode&quot;:&quot;ZQP20050289&quot;,&quot;possibleAnswerText&quot;:&quot;Bemba&quot;},{&quot;possibleAnswerCode&quot;:&quot;ZQP20050290&quot;,&quot;possibleAnswerText&quot;:&quot;Bengali&quot;},{&quot;possibleAnswerCode&quot;:&quot;ZQP20050291&quot;,&quot;possibleAnswerText&quot;:&quot;Berber languages&quot;},{&quot;possibleAnswerCode&quot;:&quot;ZQP20050292&quot;,&quot;possibleAnswerText&quot;:&quot;Bhojpuri&quot;},{&quot;possibleAnswerCode&quot;:&quot;ZQP20050293&quot;,&quot;possibleAnswerText&quot;:&quot;Bihari languages&quot;},{&quot;possibleAnswerCode&quot;:&quot;ZQP20050294&quot;,&quot;possibleAnswerText&quot;:&quot;Bikol&quot;},{&quot;possibleAnswerCode&quot;:&quot;ZQP20050295&quot;,&quot;possibleAnswerText&quot;:&quot;Bilin&quot;},{&quot;possibleAnswerCode&quot;:&quot;ZQP20050296&quot;,&quot;possibleAnswerText&quot;:&quot;Bini&quot;},{&quot;possibleAnswerCode&quot;:&quot;ZQP20050297&quot;,&quot;possibleAnswerText&quot;:&quot;Bislama&quot;},{&quot;possibleAnswerCode&quot;:&quot;ZQP20050298&quot;,&quot;possibleAnswerText&quot;:&quot;Blin&quot;},{&quot;possibleAnswerCode&quot;:&quot;ZQP20050299&quot;,&quot;possibleAnswerText&quot;:&quot;Bliss&quot;},{&quot;possibleAnswerCode&quot;:&quot;ZQP20050300&quot;,&quot;possibleAnswerText&quot;:&quot;Blissymbolics&quot;},{&quot;possibleAnswerCode&quot;:&quot;ZQP20050301&quot;,&quot;possibleAnswerText&quot;:&quot;Blissymbols&quot;},{&quot;possibleAnswerCode&quot;:&quot;ZQP20050302&quot;,&quot;possibleAnswerText&quot;:&quot;Bokmål, Norwegian&quot;},{&quot;possibleAnswerCode&quot;:&quot;ZQP20050303&quot;,&quot;possibleAnswerText&quot;:&quot;Bosnian&quot;},{&quot;possibleAnswerCode&quot;:&quot;ZQP20050304&quot;,&quot;possibleAnswerText&quot;:&quot;Braj&quot;},{&quot;possibleAnswerCode&quot;:&quot;ZQP20050305&quot;,&quot;possibleAnswerText&quot;:&quot;Breton&quot;},{&quot;possibleAnswerCode&quot;:&quot;ZQP20050306&quot;,&quot;possibleAnswerText&quot;:&quot;Buginese&quot;},{&quot;possibleAnswerCode&quot;:&quot;ZQP20050307&quot;,&quot;possibleAnswerText&quot;:&quot;Bulgarian&quot;},{&quot;possibleAnswerCode&quot;:&quot;ZQP20050308&quot;,&quot;possibleAnswerText&quot;:&quot;Buriat&quot;},{&quot;possibleAnswerCode&quot;:&quot;ZQP20050309&quot;,&quot;possibleAnswerText&quot;:&quot;Burmese&quot;},{&quot;possibleAnswerCode&quot;:&quot;ZQP20050310&quot;,&quot;possibleAnswerText&quot;:&quot;Caddo&quot;},{&quot;possibleAnswerCode&quot;:&quot;ZQP20050311&quot;,&quot;possibleAnswerText&quot;:&quot;Cantonese&quot;},{&quot;possibleAnswerCode&quot;:&quot;ZQP20050312&quot;,&quot;possibleAnswerText&quot;:&quot;Castilian&quot;},{&quot;possibleAnswerCode&quot;:&quot;ZQP20050313&quot;,&quot;possibleAnswerText&quot;:&quot;Catalan&quot;},{&quot;possibleAnswerCode&quot;:&quot;ZQP20050314&quot;,&quot;possibleAnswerText&quot;:&quot;Caucasian languages&quot;},{&quot;possibleAnswerCode&quot;:&quot;ZQP20050315&quot;,&quot;possibleAnswerText&quot;:&quot;Cebuano&quot;},{&quot;possibleAnswerCode&quot;:&quot;ZQP20050316&quot;,&quot;possibleAnswerText&quot;:&quot;Celtic languages&quot;},{&quot;possibleAnswerCode&quot;:&quot;ZQP20050317&quot;,&quot;possibleAnswerText&quot;:&quot;Central American Indian languages&quot;},{&quot;possibleAnswerCode&quot;:&quot;ZQP20050318&quot;,&quot;possibleAnswerText&quot;:&quot;Central Khmer&quot;},{&quot;possibleAnswerCode&quot;:&quot;ZQP20050319&quot;,&quot;possibleAnswerText&quot;:&quot;Chagatai&quot;},{&quot;possibleAnswerCode&quot;:&quot;ZQP20050320&quot;,&quot;possibleAnswerText&quot;:&quot;Chamic languages&quot;},{&quot;possibleAnswerCode&quot;:&quot;ZQP20050321&quot;,&quot;possibleAnswerText&quot;:&quot;Chamorro&quot;},{&quot;possibleAnswerCode&quot;:&quot;ZQP20050322&quot;,&quot;possibleAnswerText&quot;:&quot;Chechen&quot;},{&quot;possibleAnswerCode&quot;:&quot;ZQP20050323&quot;,&quot;possibleAnswerText&quot;:&quot;Cherokee&quot;},{&quot;possibleAnswerCode&quot;:&quot;ZQP20050324&quot;,&quot;possibleAnswerText&quot;:&quot;Chewa&quot;},{&quot;possibleAnswerCode&quot;:&quot;ZQP20050325&quot;,&quot;possibleAnswerText&quot;:&quot;Cheyenne&quot;},{&quot;possibleAnswerCode&quot;:&quot;ZQP20050326&quot;,&quot;possibleAnswerText&quot;:&quot;Chibcha&quot;},{&quot;possibleAnswerCode&quot;:&quot;ZQP20050327&quot;,&quot;possibleAnswerText&quot;:&quot;Chichewa&quot;},{&quot;possibleAnswerCode&quot;:&quot;ZQP20050328&quot;,&quot;possibleAnswerText&quot;:&quot;Chinese&quot;},{&quot;possibleAnswerCode&quot;:&quot;ZQP20050329&quot;,&quot;possibleAnswerText&quot;:&quot;Chinook jargon&quot;},{&quot;possibleAnswerCode&quot;:&quot;ZQP20050330&quot;,&quot;possibleAnswerText&quot;:&quot;Chipewyan&quot;},{&quot;possibleAnswerCode&quot;:&quot;ZQP20050331&quot;,&quot;possibleAnswerText&quot;:&quot;Choctaw&quot;},{&quot;possibleAnswerCode&quot;:&quot;ZQP20050332&quot;,&quot;possibleAnswerText&quot;:&quot;Chuang&quot;},{&quot;possibleAnswerCode&quot;:&quot;ZQP20050333&quot;,&quot;possibleAnswerText&quot;:&quot;Church Slavic&quot;},{&quot;possibleAnswerCode&quot;:&quot;ZQP20050334&quot;,&quot;possibleAnswerText&quot;:&quot;Church Slavonic&quot;},{&quot;possibleAnswerCode&quot;:&quot;ZQP20050335&quot;,&quot;possibleAnswerText&quot;:&quot;Chuukese&quot;},{&quot;possibleAnswerCode&quot;:&quot;ZQP20050336&quot;,&quot;possibleAnswerText&quot;:&quot;Chuvash&quot;},{&quot;possibleAnswerCode&quot;:&quot;ZQP20050337&quot;,&quot;possibleAnswerText&quot;:&quot;Classical Nepal Bhasa&quot;},{&quot;possibleAnswerCode&quot;:&quot;ZQP20050338&quot;,&quot;possibleAnswerText&quot;:&quot;Classical Newari&quot;},{&quot;possibleAnswerCode&quot;:&quot;ZQP20050339&quot;,&quot;possibleAnswerText&quot;:&quot;Classical Syriac&quot;},{&quot;possibleAnswerCode&quot;:&quot;ZQP20050340&quot;,&quot;possibleAnswerText&quot;:&quot;Cook Islands Maori&quot;},{&quot;possibleAnswerCode&quot;:&quot;ZQP20050341&quot;,&quot;possibleAnswerText&quot;:&quot;Coptic&quot;},{&quot;possibleAnswerCode&quot;:&quot;ZQP20050342&quot;,&quot;possibleAnswerText&quot;:&quot;Cornish&quot;},{&quot;possibleAnswerCode&quot;:&quot;ZQP20050343&quot;,&quot;possibleAnswerText&quot;:&quot;Corsican&quot;},{&quot;possibleAnswerCode&quot;:&quot;ZQP20050344&quot;,&quot;possibleAnswerText&quot;:&quot;Cree&quot;},{&quot;possibleAnswerCode&quot;:&quot;ZQP20050345&quot;,&quot;possibleAnswerText&quot;:&quot;Creek&quot;},{&quot;possibleAnswerCode&quot;:&quot;ZQP20050346&quot;,&quot;possibleAnswerText&quot;:&quot;Creoles and pidgins&quot;},{&quot;possibleAnswerCode&quot;:&quot;ZQP20050347&quot;,&quot;possibleAnswerText&quot;:&quot;Creoles and pidgins, English based&quot;},{&quot;possibleAnswerCode&quot;:&quot;ZQP20050348&quot;,&quot;possibleAnswerText&quot;:&quot;Creoles and pidgins, French-based&quot;},{&quot;possibleAnswerCode&quot;:&quot;ZQP20050349&quot;,&quot;possibleAnswerText&quot;:&quot;Creoles and pidgins, Portuguese-based&quot;},{&quot;possibleAnswerCode&quot;:&quot;ZQP20050350&quot;,&quot;possibleAnswerText&quot;:&quot;Crimean Tatar&quot;},{&quot;possibleAnswerCode&quot;:&quot;ZQP20050351&quot;,&quot;possibleAnswerText&quot;:&quot;Crimean Turkish&quot;},{&quot;possibleAnswerCode&quot;:&quot;ZQP20050352&quot;,&quot;possibleAnswerText&quot;:&quot;Croatian&quot;},{&quot;possibleAnswerCode&quot;:&quot;ZQP20050353&quot;,&quot;possibleAnswerText&quot;:&quot;Cushitic languages&quot;},{&quot;possibleAnswerCode&quot;:&quot;ZQP20050354&quot;,&quot;possibleAnswerText&quot;:&quot;Czech&quot;},{&quot;possibleAnswerCode&quot;:&quot;ZQP20050355&quot;,&quot;possibleAnswerText&quot;:&quot;Dakota&quot;},{&quot;possibleAnswerCode&quot;:&quot;ZQP20050356&quot;,&quot;possibleAnswerText&quot;:&quot;Danish&quot;},{&quot;possibleAnswerCode&quot;:&quot;ZQP20050357&quot;,&quot;possibleAnswerText&quot;:&quot;Dargwa&quot;},{&quot;possibleAnswerCode&quot;:&quot;ZQP20050358&quot;,&quot;possibleAnswerText&quot;:&quot;Delaware&quot;},{&quot;possibleAnswerCode&quot;:&quot;ZQP20050359&quot;,&quot;possibleAnswerText&quot;:&quot;Dene Suline&quot;},{&quot;possibleAnswerCode&quot;:&quot;ZQP20050360&quot;,&quot;possibleAnswerText&quot;:&quot;Dhivehi&quot;},{&quot;possibleAnswerCode&quot;:&quot;ZQP20050361&quot;,&quot;possibleAnswerText&quot;:&quot;Dimili&quot;},{&quot;possibleAnswerCode&quot;:&quot;ZQP20050362&quot;,&quot;possibleAnswerText&quot;:&quot;Dimli&quot;},{&quot;possibleAnswerCode&quot;:&quot;ZQP20050363&quot;,&quot;possibleAnswerText&quot;:&quot;Dinka&quot;},{&quot;possibleAnswerCode&quot;:&quot;ZQP20050364&quot;,&quot;possibleAnswerText&quot;:&quot;Dioula&quot;},{&quot;possibleAnswerCode&quot;:&quot;ZQP20050365&quot;,&quot;possibleAnswerText&quot;:&quot;Divehi&quot;},{&quot;possibleAnswerCode&quot;:&quot;ZQP20050366&quot;,&quot;possibleAnswerText&quot;:&quot;Dogri&quot;},{&quot;possibleAnswerCode&quot;:&quot;ZQP20050367&quot;,&quot;possibleAnswerText&quot;:&quot;Dogrib&quot;},{&quot;possibleAnswerCode&quot;:&quot;ZQP20050368&quot;,&quot;possibleAnswerText&quot;:&quot;Dravidian languages&quot;},{&quot;possibleAnswerCode&quot;:&quot;ZQP20050369&quot;,&quot;possibleAnswerText&quot;:&quot;Duala&quot;},{&quot;possibleAnswerCode&quot;:&quot;ZQP20050370&quot;,&quot;possibleAnswerText&quot;:&quot;Dutch&quot;},{&quot;possibleAnswerCode&quot;:&quot;ZQP20050371&quot;,&quot;possibleAnswerText&quot;:&quot;Dutch, Middle (ca.1050-1350)&quot;},{&quot;possibleAnswerCode&quot;:&quot;ZQP20050372&quot;,&quot;possibleAnswerText&quot;:&quot;Dyula&quot;},{&quot;possibleAnswerCode&quot;:&quot;ZQP20050373&quot;,&quot;possibleAnswerText&quot;:&quot;Dzongkha&quot;},{&quot;possibleAnswerCode&quot;:&quot;ZQP20050374&quot;,&quot;possibleAnswerText&quot;:&quot;Eastern Frisian&quot;},{&quot;possibleAnswerCode&quot;:&quot;ZQP20050375&quot;,&quot;possibleAnswerText&quot;:&quot;Edo&quot;},{&quot;possibleAnswerCode&quot;:&quot;ZQP20050376&quot;,&quot;possibleAnswerText&quot;:&quot;Efik&quot;},{&quot;possibleAnswerCode&quot;:&quot;ZQP20050377&quot;,&quot;possibleAnswerText&quot;:&quot;Egyptian (Ancient)&quot;},{&quot;possibleAnswerCode&quot;:&quot;ZQP20050378&quot;,&quot;possibleAnswerText&quot;:&quot;Ekajuk&quot;},{&quot;possibleAnswerCode&quot;:&quot;ZQP20050379&quot;,&quot;possibleAnswerText&quot;:&quot;Elamite&quot;},{&quot;possibleAnswerCode&quot;:&quot;ZQP20050380&quot;,&quot;possibleAnswerText&quot;:&quot;English&quot;},{&quot;possibleAnswerCode&quot;:&quot;ZQP20050381&quot;,&quot;possibleAnswerText&quot;:&quot;English, Middle (1100-1500)&quot;},{&quot;possibleAnswerCode&quot;:&quot;ZQP20050382&quot;,&quot;possibleAnswerText&quot;:&quot;English, Old (ca.450-1100)&quot;},{&quot;possibleAnswerCode&quot;:&quot;ZQP20050383&quot;,&quot;possibleAnswerText&quot;:&quot;Erzya&quot;},{&quot;possibleAnswerCode&quot;:&quot;ZQP20050384&quot;,&quot;possibleAnswerText&quot;:&quot;Esperanto&quot;},{&quot;possibleAnswerCode&quot;:&quot;ZQP20050385&quot;,&quot;possibleAnswerText&quot;:&quot;Estonian&quot;},{&quot;possibleAnswerCode&quot;:&quot;ZQP20050386&quot;,&quot;possibleAnswerText&quot;:&quot;Ewe&quot;},{&quot;possibleAnswerCode&quot;:&quot;ZQP20050387&quot;,&quot;possibleAnswerText&quot;:&quot;Ewondo&quot;},{&quot;possibleAnswerCode&quot;:&quot;ZQP20050388&quot;,&quot;possibleAnswerText&quot;:&quot;Fang&quot;},{&quot;possibleAnswerCode&quot;:&quot;ZQP20050389&quot;,&quot;possibleAnswerText&quot;:&quot;Fanti&quot;},{&quot;possibleAnswerCode&quot;:&quot;ZQP20050390&quot;,&quot;possibleAnswerText&quot;:&quot;Faroese&quot;},{&quot;possibleAnswerCode&quot;:&quot;ZQP20050391&quot;,&quot;possibleAnswerText&quot;:&quot;Fijian&quot;},{&quot;possibleAnswerCode&quot;:&quot;ZQP20050392&quot;,&quot;possibleAnswerText&quot;:&quot;Filipino&quot;},{&quot;possibleAnswerCode&quot;:&quot;ZQP20050393&quot;,&quot;possibleAnswerText&quot;:&quot;Finnish&quot;},{&quot;possibleAnswerCode&quot;:&quot;ZQP20050394&quot;,&quot;possibleAnswerText&quot;:&quot;Finno-Ugrian languages&quot;},{&quot;possibleAnswerCode&quot;:&quot;ZQP20050395&quot;,&quot;possibleAnswerText&quot;:&quot;Flemish&quot;},{&quot;possibleAnswerCode&quot;:&quot;ZQP20050396&quot;,&quot;possibleAnswerText&quot;:&quot;Fon&quot;},{&quot;possibleAnswerCode&quot;:&quot;ZQP20050397&quot;,&quot;possibleAnswerText&quot;:&quot;French&quot;},{&quot;possibleAnswerCode&quot;:&quot;ZQP20050398&quot;,&quot;possibleAnswerText&quot;:&quot;French, Middle (ca.1400-1600)&quot;},{&quot;possibleAnswerCode&quot;:&quot;ZQP20050399&quot;,&quot;possibleAnswerText&quot;:&quot;French, Old (842-ca.1400)&quot;},{&quot;possibleAnswerCode&quot;:&quot;ZQP20050400&quot;,&quot;possibleAnswerText&quot;:&quot;Friulian&quot;},{&quot;possibleAnswerCode&quot;:&quot;ZQP20050401&quot;,&quot;possibleAnswerText&quot;:&quot;Fulah&quot;},{&quot;possibleAnswerCode&quot;:&quot;ZQP20050402&quot;,&quot;possibleAnswerText&quot;:&quot;Ga&quot;},{&quot;possibleAnswerCode&quot;:&quot;ZQP20050403&quot;,&quot;possibleAnswerText&quot;:&quot;Gaelic&quot;},{&quot;possibleAnswerCode&quot;:&quot;ZQP20050404&quot;,&quot;possibleAnswerText&quot;:&quot;Galibi Carib&quot;},{&quot;possibleAnswerCode&quot;:&quot;ZQP20050405&quot;,&quot;possibleAnswerText&quot;:&quot;Galician&quot;},{&quot;possibleAnswerCode&quot;:&quot;ZQP20050406&quot;,&quot;possibleAnswerText&quot;:&quot;Ganda&quot;},{&quot;possibleAnswerCode&quot;:&quot;ZQP20050407&quot;,&quot;possibleAnswerText&quot;:&quot;Gayo&quot;},{&quot;possibleAnswerCode&quot;:&quot;ZQP20050408&quot;,&quot;possibleAnswerText&quot;:&quot;Gbaya&quot;},{&quot;possibleAnswerCode&quot;:&quot;ZQP20050409&quot;,&quot;possibleAnswerText&quot;:&quot;Geez&quot;},{&quot;possibleAnswerCode&quot;:&quot;ZQP20050410&quot;,&quot;possibleAnswerText&quot;:&quot;Georgian&quot;},{&quot;possibleAnswerCode&quot;:&quot;ZQP20050411&quot;,&quot;possibleAnswerText&quot;:&quot;German&quot;},{&quot;possibleAnswerCode&quot;:&quot;ZQP20050412&quot;,&quot;possibleAnswerText&quot;:&quot;German, Low&quot;},{&quot;possibleAnswerCode&quot;:&quot;ZQP20050413&quot;,&quot;possibleAnswerText&quot;:&quot;German, Middle High (ca.1050-1500)&quot;},{&quot;possibleAnswerCode&quot;:&quot;ZQP20050414&quot;,&quot;possibleAnswerText&quot;:&quot;German, Old High (ca.750-1050)&quot;},{&quot;possibleAnswerCode&quot;:&quot;ZQP20050415&quot;,&quot;possibleAnswerText&quot;:&quot;Germanic languages&quot;},{&quot;possibleAnswerCode&quot;:&quot;ZQP20050416&quot;,&quot;possibleAnswerText&quot;:&quot;Gikuyu&quot;},{&quot;possibleAnswerCode&quot;:&quot;ZQP20050417&quot;,&quot;possibleAnswerText&quot;:&quot;Gilbertese&quot;},{&quot;possibleAnswerCode&quot;:&quot;ZQP20050418&quot;,&quot;possibleAnswerText&quot;:&quot;Gondi&quot;},{&quot;possibleAnswerCode&quot;:&quot;ZQP20050419&quot;,&quot;possibleAnswerText&quot;:&quot;Gorontalo&quot;},{&quot;possibleAnswerCode&quot;:&quot;ZQP20050420&quot;,&quot;possibleAnswerText&quot;:&quot;Gothic&quot;},{&quot;possibleAnswerCode&quot;:&quot;ZQP20050421&quot;,&quot;possibleAnswerText&quot;:&quot;Grebo&quot;},{&quot;possibleAnswerCode&quot;:&quot;ZQP20050422&quot;,&quot;possibleAnswerText&quot;:&quot;Greek, Ancient (to 1453)&quot;},{&quot;possibleAnswerCode&quot;:&quot;ZQP20050423&quot;,&quot;possibleAnswerText&quot;:&quot;Greek, Modern (1453-)&quot;},{&quot;possibleAnswerCode&quot;:&quot;ZQP20050424&quot;,&quot;possibleAnswerText&quot;:&quot;Greenlandic&quot;},{&quot;possibleAnswerCode&quot;:&quot;ZQP20050425&quot;,&quot;possibleAnswerText&quot;:&quot;Guarani&quot;},{&quot;possibleAnswerCode&quot;:&quot;ZQP20050426&quot;,&quot;possibleAnswerText&quot;:&quot;Gujarati&quot;},{&quot;possibleAnswerCode&quot;:&quot;ZQP20050427&quot;,&quot;possibleAnswerText&quot;:&quot;Gwich&apos;in&quot;},{&quot;possibleAnswerCode&quot;:&quot;ZQP20050428&quot;,&quot;possibleAnswerText&quot;:&quot;Haida&quot;},{&quot;possibleAnswerCode&quot;:&quot;ZQP20050429&quot;,&quot;possibleAnswerText&quot;:&quot;Haitian&quot;},{&quot;possibleAnswerCode&quot;:&quot;ZQP20050430&quot;,&quot;possibleAnswerText&quot;:&quot;Haitian Creole&quot;},{&quot;possibleAnswerCode&quot;:&quot;ZQP20050431&quot;,&quot;possibleAnswerText&quot;:&quot;Hausa&quot;},{&quot;possibleAnswerCode&quot;:&quot;ZQP20050432&quot;,&quot;possibleAnswerText&quot;:&quot;Hawaiian&quot;},{&quot;possibleAnswerCode&quot;:&quot;ZQP20050433&quot;,&quot;possibleAnswerText&quot;:&quot;Hebrew&quot;},{&quot;possibleAnswerCode&quot;:&quot;ZQP20050434&quot;,&quot;possibleAnswerText&quot;:&quot;Herero&quot;},{&quot;possibleAnswerCode&quot;:&quot;ZQP20050435&quot;,&quot;possibleAnswerText&quot;:&quot;Hiligaynon&quot;},{&quot;possibleAnswerCode&quot;:&quot;ZQP20050436&quot;,&quot;possibleAnswerText&quot;:&quot;Himachali languages&quot;},{&quot;possibleAnswerCode&quot;:&quot;ZQP20050437&quot;,&quot;possibleAnswerText&quot;:&quot;Hindi&quot;},{&quot;possibleAnswerCode&quot;:&quot;ZQP20050438&quot;,&quot;possibleAnswerText&quot;:&quot;Hiri Motu&quot;},{&quot;possibleAnswerCode&quot;:&quot;ZQP20050439&quot;,&quot;possibleAnswerText&quot;:&quot;Hittite&quot;},{&quot;possibleAnswerCode&quot;:&quot;ZQP20050440&quot;,&quot;possibleAnswerText&quot;:&quot;Hmong&quot;},{&quot;possibleAnswerCode&quot;:&quot;ZQP20050441&quot;,&quot;possibleAnswerText&quot;:&quot;Hungarian&quot;},{&quot;possibleAnswerCode&quot;:&quot;ZQP20050442&quot;,&quot;possibleAnswerText&quot;:&quot;Hupa&quot;},{&quot;possibleAnswerCode&quot;:&quot;ZQP20050443&quot;,&quot;possibleAnswerText&quot;:&quot;Iban&quot;},{&quot;possibleAnswerCode&quot;:&quot;ZQP20050444&quot;,&quot;possibleAnswerText&quot;:&quot;Icelandic&quot;},{&quot;possibleAnswerCode&quot;:&quot;ZQP20050445&quot;,&quot;possibleAnswerText&quot;:&quot;Ido&quot;},{&quot;possibleAnswerCode&quot;:&quot;ZQP20050446&quot;,&quot;possibleAnswerText&quot;:&quot;Igbo&quot;},{&quot;possibleAnswerCode&quot;:&quot;ZQP20050447&quot;,&quot;possibleAnswerText&quot;:&quot;Ijo languages&quot;},{&quot;possibleAnswerCode&quot;:&quot;ZQP20050448&quot;,&quot;possibleAnswerText&quot;:&quot;Iloko&quot;},{&quot;possibleAnswerCode&quot;:&quot;ZQP20050449&quot;,&quot;possibleAnswerText&quot;:&quot;Imperial Aramaic (700-300 BCE)&quot;},{&quot;possibleAnswerCode&quot;:&quot;ZQP20050450&quot;,&quot;possibleAnswerText&quot;:&quot;Inari Sami&quot;},{&quot;possibleAnswerCode&quot;:&quot;ZQP20050451&quot;,&quot;possibleAnswerText&quot;:&quot;Indic languages&quot;},{&quot;possibleAnswerCode&quot;:&quot;ZQP20050452&quot;,&quot;possibleAnswerText&quot;:&quot;Indo-European languages&quot;},{&quot;possibleAnswerCode&quot;:&quot;ZQP20050453&quot;,&quot;possibleAnswerText&quot;:&quot;Indonesian&quot;},{&quot;possibleAnswerCode&quot;:&quot;ZQP20050454&quot;,&quot;possibleAnswerText&quot;:&quot;Ingush&quot;},{&quot;possibleAnswerCode&quot;:&quot;ZQP20050455&quot;,&quot;possibleAnswerText&quot;:&quot;Interlingua (International Auxiliary Language Association)&quot;},{&quot;possibleAnswerCode&quot;:&quot;ZQP20050456&quot;,&quot;possibleAnswerText&quot;:&quot;Interlingue&quot;},{&quot;possibleAnswerCode&quot;:&quot;ZQP20050457&quot;,&quot;possibleAnswerText&quot;:&quot;Inuktitut&quot;},{&quot;possibleAnswerCode&quot;:&quot;ZQP20050458&quot;,&quot;possibleAnswerText&quot;:&quot;Inupiaq&quot;},{&quot;possibleAnswerCode&quot;:&quot;ZQP20050459&quot;,&quot;possibleAnswerText&quot;:&quot;Iranian languages&quot;},{&quot;possibleAnswerCode&quot;:&quot;ZQP20050460&quot;,&quot;possibleAnswerText&quot;:&quot;Irish&quot;},{&quot;possibleAnswerCode&quot;:&quot;ZQP20050461&quot;,&quot;possibleAnswerText&quot;:&quot;Irish, Middle (900-1200)&quot;},{&quot;possibleAnswerCode&quot;:&quot;ZQP20050462&quot;,&quot;possibleAnswerText&quot;:&quot;Irish, Old (to 900)&quot;},{&quot;possibleAnswerCode&quot;:&quot;ZQP20050463&quot;,&quot;possibleAnswerText&quot;:&quot;Iroquoian languages&quot;},{&quot;possibleAnswerCode&quot;:&quot;ZQP20050464&quot;,&quot;possibleAnswerText&quot;:&quot;Italian&quot;},{&quot;possibleAnswerCode&quot;:&quot;ZQP20050465&quot;,&quot;possibleAnswerText&quot;:&quot;Japanese&quot;},{&quot;possibleAnswerCode&quot;:&quot;ZQP20050466&quot;,&quot;possibleAnswerText&quot;:&quot;Javanese&quot;},{&quot;possibleAnswerCode&quot;:&quot;ZQP20050467&quot;,&quot;possibleAnswerText&quot;:&quot;Jingpho&quot;},{&quot;possibleAnswerCode&quot;:&quot;ZQP20050468&quot;,&quot;possibleAnswerText&quot;:&quot;Judeo-Arabic&quot;},{&quot;possibleAnswerCode&quot;:&quot;ZQP20050469&quot;,&quot;possibleAnswerText&quot;:&quot;Judeo-Persian&quot;},{&quot;possibleAnswerCode&quot;:&quot;ZQP20050470&quot;,&quot;possibleAnswerText&quot;:&quot;Kabardian&quot;},{&quot;possibleAnswerCode&quot;:&quot;ZQP20050471&quot;,&quot;possibleAnswerText&quot;:&quot;Kabyle&quot;},{&quot;possibleAnswerCode&quot;:&quot;ZQP20050472&quot;,&quot;possibleAnswerText&quot;:&quot;Kachin&quot;},{&quot;possibleAnswerCode&quot;:&quot;ZQP20050473&quot;,&quot;possibleAnswerText&quot;:&quot;Kalaallisut&quot;},{&quot;possibleAnswerCode&quot;:&quot;ZQP20050474&quot;,&quot;possibleAnswerText&quot;:&quot;Kalmyk&quot;},{&quot;possibleAnswerCode&quot;:&quot;ZQP20050475&quot;,&quot;possibleAnswerText&quot;:&quot;Kamba&quot;},{&quot;possibleAnswerCode&quot;:&quot;ZQP20050476&quot;,&quot;possibleAnswerText&quot;:&quot;Kannada&quot;},{&quot;possibleAnswerCode&quot;:&quot;ZQP20050477&quot;,&quot;possibleAnswerText&quot;:&quot;Kanuri&quot;},{&quot;possibleAnswerCode&quot;:&quot;ZQP20050478&quot;,&quot;possibleAnswerText&quot;:&quot;Kapampangan&quot;},{&quot;possibleAnswerCode&quot;:&quot;ZQP20050479&quot;,&quot;possibleAnswerText&quot;:&quot;Karachay-Balkar&quot;},{&quot;possibleAnswerCode&quot;:&quot;ZQP20050480&quot;,&quot;possibleAnswerText&quot;:&quot;Kara-Kalpak&quot;},{&quot;possibleAnswerCode&quot;:&quot;ZQP20050481&quot;,&quot;possibleAnswerText&quot;:&quot;Karelian&quot;},{&quot;possibleAnswerCode&quot;:&quot;ZQP20050482&quot;,&quot;possibleAnswerText&quot;:&quot;Karen languages&quot;},{&quot;possibleAnswerCode&quot;:&quot;ZQP20050483&quot;,&quot;possibleAnswerText&quot;:&quot;Kashmiri&quot;},{&quot;possibleAnswerCode&quot;:&quot;ZQP20050484&quot;,&quot;possibleAnswerText&quot;:&quot;Kashubian&quot;},{&quot;possibleAnswerCode&quot;:&quot;ZQP20050485&quot;,&quot;possibleAnswerText&quot;:&quot;Kawi&quot;},{&quot;possibleAnswerCode&quot;:&quot;ZQP20050486&quot;,&quot;possibleAnswerText&quot;:&quot;Kazakh&quot;},{&quot;possibleAnswerCode&quot;:&quot;ZQP20050487&quot;,&quot;possibleAnswerText&quot;:&quot;Khasi&quot;},{&quot;possibleAnswerCode&quot;:&quot;ZQP20050488&quot;,&quot;possibleAnswerText&quot;:&quot;Khoisan languages&quot;},{&quot;possibleAnswerCode&quot;:&quot;ZQP20050489&quot;,&quot;possibleAnswerText&quot;:&quot;Khotanese&quot;},{&quot;possibleAnswerCode&quot;:&quot;ZQP20050490&quot;,&quot;possibleAnswerText&quot;:&quot;Kikuyu&quot;},{&quot;possibleAnswerCode&quot;:&quot;ZQP20050491&quot;,&quot;possibleAnswerText&quot;:&quot;Kimbundu&quot;},{&quot;possibleAnswerCode&quot;:&quot;ZQP20050492&quot;,&quot;possibleAnswerText&quot;:&quot;Kinyarwanda&quot;},{&quot;possibleAnswerCode&quot;:&quot;ZQP20050493&quot;,&quot;possibleAnswerText&quot;:&quot;Kirdki&quot;},{&quot;possibleAnswerCode&quot;:&quot;ZQP20050494&quot;,&quot;possibleAnswerText&quot;:&quot;Kirghiz&quot;},{&quot;possibleAnswerCode&quot;:&quot;ZQP20050495&quot;,&quot;possibleAnswerText&quot;:&quot;Kirmanjki&quot;},{&quot;possibleAnswerCode&quot;:&quot;ZQP20050496&quot;,&quot;possibleAnswerText&quot;:&quot;Klingon&quot;},{&quot;possibleAnswerCode&quot;:&quot;ZQP20050497&quot;,&quot;possibleAnswerText&quot;:&quot;Komi&quot;},{&quot;possibleAnswerCode&quot;:&quot;ZQP20050498&quot;,&quot;possibleAnswerText&quot;:&quot;Kongo&quot;},{&quot;possibleAnswerCode&quot;:&quot;ZQP20050499&quot;,&quot;possibleAnswerText&quot;:&quot;Konkani&quot;},{&quot;possibleAnswerCode&quot;:&quot;ZQP20050500&quot;,&quot;possibleAnswerText&quot;:&quot;Korean&quot;},{&quot;possibleAnswerCode&quot;:&quot;ZQP20050501&quot;,&quot;possibleAnswerText&quot;:&quot;Kosraean&quot;},{&quot;possibleAnswerCode&quot;:&quot;ZQP20050502&quot;,&quot;possibleAnswerText&quot;:&quot;Kpelle&quot;},{&quot;possibleAnswerCode&quot;:&quot;ZQP20050503&quot;,&quot;possibleAnswerText&quot;:&quot;Kru languages&quot;},{&quot;possibleAnswerCode&quot;:&quot;ZQP20050504&quot;,&quot;possibleAnswerText&quot;:&quot;Kuanyama&quot;},{&quot;possibleAnswerCode&quot;:&quot;ZQP20050505&quot;,&quot;possibleAnswerText&quot;:&quot;Kumyk&quot;},{&quot;possibleAnswerCode&quot;:&quot;ZQP20050506&quot;,&quot;possibleAnswerText&quot;:&quot;Kurdish&quot;},{&quot;possibleAnswerCode&quot;:&quot;ZQP20050507&quot;,&quot;possibleAnswerText&quot;:&quot;Kurukh&quot;},{&quot;possibleAnswerCode&quot;:&quot;ZQP20050508&quot;,&quot;possibleAnswerText&quot;:&quot;Kutenai&quot;},{&quot;possibleAnswerCode&quot;:&quot;ZQP20050509&quot;,&quot;possibleAnswerText&quot;:&quot;Kwanyama&quot;},{&quot;possibleAnswerCode&quot;:&quot;ZQP20050510&quot;,&quot;possibleAnswerText&quot;:&quot;Kyrgyz&quot;},{&quot;possibleAnswerCode&quot;:&quot;ZQP20050511&quot;,&quot;possibleAnswerText&quot;:&quot;Ladino&quot;},{&quot;possibleAnswerCode&quot;:&quot;ZQP20050512&quot;,&quot;possibleAnswerText&quot;:&quot;Lahnda&quot;},{&quot;possibleAnswerCode&quot;:&quot;ZQP20050513&quot;,&quot;possibleAnswerText&quot;:&quot;Lamba&quot;},{&quot;possibleAnswerCode&quot;:&quot;ZQP20050514&quot;,&quot;possibleAnswerText&quot;:&quot;Land Dayak languages&quot;},{&quot;possibleAnswerCode&quot;:&quot;ZQP20050515&quot;,&quot;possibleAnswerText&quot;:&quot;Lao&quot;},{&quot;possibleAnswerCode&quot;:&quot;ZQP20050516&quot;,&quot;possibleAnswerText&quot;:&quot;Latin&quot;},{&quot;possibleAnswerCode&quot;:&quot;ZQP20050517&quot;,&quot;possibleAnswerText&quot;:&quot;Latvian&quot;},{&quot;possibleAnswerCode&quot;:&quot;ZQP20050518&quot;,&quot;possibleAnswerText&quot;:&quot;Leonese&quot;},{&quot;possibleAnswerCode&quot;:&quot;ZQP20050519&quot;,&quot;possibleAnswerText&quot;:&quot;Letzeburgesch&quot;},{&quot;possibleAnswerCode&quot;:&quot;ZQP20050520&quot;,&quot;possibleAnswerText&quot;:&quot;Lezghian&quot;},{&quot;possibleAnswerCode&quot;:&quot;ZQP20050521&quot;,&quot;possibleAnswerText&quot;:&quot;Limburgan&quot;},{&quot;possibleAnswerCode&quot;:&quot;ZQP20050522&quot;,&quot;possibleAnswerText&quot;:&quot;Limburger&quot;},{&quot;possibleAnswerCode&quot;:&quot;ZQP20050523&quot;,&quot;possibleAnswerText&quot;:&quot;Limburgish&quot;},{&quot;possibleAnswerCode&quot;:&quot;ZQP20050524&quot;,&quot;possibleAnswerText&quot;:&quot;Lingala&quot;},{&quot;possibleAnswerCode&quot;:&quot;ZQP20050525&quot;,&quot;possibleAnswerText&quot;:&quot;Lithuanian&quot;},{&quot;possibleAnswerCode&quot;:&quot;ZQP20050526&quot;,&quot;possibleAnswerText&quot;:&quot;Lojban&quot;},{&quot;possibleAnswerCode&quot;:&quot;ZQP20050527&quot;,&quot;possibleAnswerText&quot;:&quot;Low German&quot;},{&quot;possibleAnswerCode&quot;:&quot;ZQP20050528&quot;,&quot;possibleAnswerText&quot;:&quot;Low Saxon&quot;},{&quot;possibleAnswerCode&quot;:&quot;ZQP20050529&quot;,&quot;possibleAnswerText&quot;:&quot;Lower Sorbian&quot;},{&quot;possibleAnswerCode&quot;:&quot;ZQP20050530&quot;,&quot;possibleAnswerText&quot;:&quot;Lozi&quot;},{&quot;possibleAnswerCode&quot;:&quot;ZQP20050531&quot;,&quot;possibleAnswerText&quot;:&quot;Luba-Katanga&quot;},{&quot;possibleAnswerCode&quot;:&quot;ZQP20050532&quot;,&quot;possibleAnswerText&quot;:&quot;Luba-Lulua&quot;},{&quot;possibleAnswerCode&quot;:&quot;ZQP20050533&quot;,&quot;possibleAnswerText&quot;:&quot;Luiseno&quot;},{&quot;possibleAnswerCode&quot;:&quot;ZQP20050534&quot;,&quot;possibleAnswerText&quot;:&quot;Lule Sami&quot;},{&quot;possibleAnswerCode&quot;:&quot;ZQP20050535&quot;,&quot;possibleAnswerText&quot;:&quot;Lunda&quot;},{&quot;possibleAnswerCode&quot;:&quot;ZQP20050536&quot;,&quot;possibleAnswerText&quot;:&quot;Luo (Kenya and Tanzania)&quot;},{&quot;possibleAnswerCode&quot;:&quot;ZQP20050537&quot;,&quot;possibleAnswerText&quot;:&quot;Lushai&quot;},{&quot;possibleAnswerCode&quot;:&quot;ZQP20050538&quot;,&quot;possibleAnswerText&quot;:&quot;Luxembourgish&quot;},{&quot;possibleAnswerCode&quot;:&quot;ZQP20050539&quot;,&quot;possibleAnswerText&quot;:&quot;Macedonian&quot;},{&quot;possibleAnswerCode&quot;:&quot;ZQP20050540&quot;,&quot;possibleAnswerText&quot;:&quot;Macedo-Romanian&quot;},{&quot;possibleAnswerCode&quot;:&quot;ZQP20050541&quot;,&quot;possibleAnswerText&quot;:&quot;Madurese&quot;},{&quot;possibleAnswerCode&quot;:&quot;ZQP20050542&quot;,&quot;possibleAnswerText&quot;:&quot;Magahi&quot;},{&quot;possibleAnswerCode&quot;:&quot;ZQP20050543&quot;,&quot;possibleAnswerText&quot;:&quot;Maithili&quot;},{&quot;possibleAnswerCode&quot;:&quot;ZQP20050544&quot;,&quot;possibleAnswerText&quot;:&quot;Makasar&quot;},{&quot;possibleAnswerCode&quot;:&quot;ZQP20050545&quot;,&quot;possibleAnswerText&quot;:&quot;Malagasy&quot;},{&quot;possibleAnswerCode&quot;:&quot;ZQP20050546&quot;,&quot;possibleAnswerText&quot;:&quot;Malay&quot;},{&quot;possibleAnswerCode&quot;:&quot;ZQP20050547&quot;,&quot;possibleAnswerText&quot;:&quot;Malayalam&quot;},{&quot;possibleAnswerCode&quot;:&quot;ZQP20050548&quot;,&quot;possibleAnswerText&quot;:&quot;Maldivian&quot;},{&quot;possibleAnswerCode&quot;:&quot;ZQP20050549&quot;,&quot;possibleAnswerText&quot;:&quot;Maltese&quot;},{&quot;possibleAnswerCode&quot;:&quot;ZQP20050550&quot;,&quot;possibleAnswerText&quot;:&quot;Manchu&quot;},{&quot;possibleAnswerCode&quot;:&quot;ZQP20050551&quot;,&quot;possibleAnswerText&quot;:&quot;Mandar&quot;},{&quot;possibleAnswerCode&quot;:&quot;ZQP20050552&quot;,&quot;possibleAnswerText&quot;:&quot;Mandarin&quot;},{&quot;possibleAnswerCode&quot;:&quot;ZQP20050553&quot;,&quot;possibleAnswerText&quot;:&quot;Mandingo&quot;},{&quot;possibleAnswerCode&quot;:&quot;ZQP20050554&quot;,&quot;possibleAnswerText&quot;:&quot;Manipuri&quot;},{&quot;possibleAnswerCode&quot;:&quot;ZQP20050555&quot;,&quot;possibleAnswerText&quot;:&quot;Manobo languages&quot;},{&quot;possibleAnswerCode&quot;:&quot;ZQP20050556&quot;,&quot;possibleAnswerText&quot;:&quot;Manx&quot;},{&quot;possibleAnswerCode&quot;:&quot;ZQP20050557&quot;,&quot;possibleAnswerText&quot;:&quot;Maori&quot;},{&quot;possibleAnswerCode&quot;:&quot;ZQP20050558&quot;,&quot;possibleAnswerText&quot;:&quot;Mapuche&quot;},{&quot;possibleAnswerCode&quot;:&quot;ZQP20050559&quot;,&quot;possibleAnswerText&quot;:&quot;Mapudungun&quot;},{&quot;possibleAnswerCode&quot;:&quot;ZQP20050560&quot;,&quot;possibleAnswerText&quot;:&quot;Marathi&quot;},{&quot;possibleAnswerCode&quot;:&quot;ZQP20050561&quot;,&quot;possibleAnswerText&quot;:&quot;Mari&quot;},{&quot;possibleAnswerCode&quot;:&quot;ZQP20050562&quot;,&quot;possibleAnswerText&quot;:&quot;Marshallese&quot;},{&quot;possibleAnswerCode&quot;:&quot;ZQP20050563&quot;,&quot;possibleAnswerText&quot;:&quot;Marwari&quot;},{&quot;possibleAnswerCode&quot;:&quot;ZQP20050564&quot;,&quot;possibleAnswerText&quot;:&quot;Masai&quot;},{&quot;possibleAnswerCode&quot;:&quot;ZQP20050565&quot;,&quot;possibleAnswerText&quot;:&quot;Mayan languages&quot;},{&quot;possibleAnswerCode&quot;:&quot;ZQP20050566&quot;,&quot;possibleAnswerText&quot;:&quot;Mende&quot;},{&quot;possibleAnswerCode&quot;:&quot;ZQP20050567&quot;,&quot;possibleAnswerText&quot;:&quot;Micmac&quot;},{&quot;possibleAnswerCode&quot;:&quot;ZQP20050568&quot;,&quot;possibleAnswerText&quot;:&quot;Mi&apos;kmaq&quot;},{&quot;possibleAnswerCode&quot;:&quot;ZQP20050569&quot;,&quot;possibleAnswerText&quot;:&quot;Minangkabau&quot;},{&quot;possibleAnswerCode&quot;:&quot;ZQP20050570&quot;,&quot;possibleAnswerText&quot;:&quot;Mirandese&quot;},{&quot;possibleAnswerCode&quot;:&quot;ZQP20050571&quot;,&quot;possibleAnswerText&quot;:&quot;Mohawk&quot;},{&quot;possibleAnswerCode&quot;:&quot;ZQP20050572&quot;,&quot;possibleAnswerText&quot;:&quot;Moksha&quot;},{&quot;possibleAnswerCode&quot;:&quot;ZQP20050573&quot;,&quot;possibleAnswerText&quot;:&quot;Moldavian&quot;},{&quot;possibleAnswerCode&quot;:&quot;ZQP20050574&quot;,&quot;possibleAnswerText&quot;:&quot;Moldovan&quot;},{&quot;possibleAnswerCode&quot;:&quot;ZQP20050575&quot;,&quot;possibleAnswerText&quot;:&quot;Mong&quot;},{&quot;possibleAnswerCode&quot;:&quot;ZQP20050576&quot;,&quot;possibleAnswerText&quot;:&quot;Mongo&quot;},{&quot;possibleAnswerCode&quot;:&quot;ZQP20050577&quot;,&quot;possibleAnswerText&quot;:&quot;Mongolian&quot;},{&quot;possibleAnswerCode&quot;:&quot;ZQP20050578&quot;,&quot;possibleAnswerText&quot;:&quot;Mon-Khmer languages&quot;},{&quot;possibleAnswerCode&quot;:&quot;ZQP20050579&quot;,&quot;possibleAnswerText&quot;:&quot;Mossi&quot;},{&quot;possibleAnswerCode&quot;:&quot;ZQP20050580&quot;,&quot;possibleAnswerText&quot;:&quot;Multiple languages&quot;},{&quot;possibleAnswerCode&quot;:&quot;ZQP20050581&quot;,&quot;possibleAnswerText&quot;:&quot;Munda languages&quot;},{&quot;possibleAnswerCode&quot;:&quot;ZQP20050582&quot;,&quot;possibleAnswerText&quot;:&quot;Nahuatl languages&quot;},{&quot;possibleAnswerCode&quot;:&quot;ZQP20050583&quot;,&quot;possibleAnswerText&quot;:&quot;Nauru&quot;},{&quot;possibleAnswerCode&quot;:&quot;ZQP20050584&quot;,&quot;possibleAnswerText&quot;:&quot;Navaho&quot;},{&quot;possibleAnswerCode&quot;:&quot;ZQP20050585&quot;,&quot;possibleAnswerText&quot;:&quot;Navajo&quot;},{&quot;possibleAnswerCode&quot;:&quot;ZQP20050586&quot;,&quot;possibleAnswerText&quot;:&quot;Ndebele, North&quot;},{&quot;possibleAnswerCode&quot;:&quot;ZQP20050587&quot;,&quot;possibleAnswerText&quot;:&quot;Ndebele, South&quot;},{&quot;possibleAnswerCode&quot;:&quot;ZQP20050588&quot;,&quot;possibleAnswerText&quot;:&quot;Ndonga&quot;},{&quot;possibleAnswerCode&quot;:&quot;ZQP20050589&quot;,&quot;possibleAnswerText&quot;:&quot;Neapolitan&quot;},{&quot;possibleAnswerCode&quot;:&quot;ZQP20050590&quot;,&quot;possibleAnswerText&quot;:&quot;Nepal Bhasa&quot;},{&quot;possibleAnswerCode&quot;:&quot;ZQP20050591&quot;,&quot;possibleAnswerText&quot;:&quot;Nepali&quot;},{&quot;possibleAnswerCode&quot;:&quot;ZQP20050592&quot;,&quot;possibleAnswerText&quot;:&quot;Newari&quot;},{&quot;possibleAnswerCode&quot;:&quot;ZQP20050593&quot;,&quot;possibleAnswerText&quot;:&quot;Nias&quot;},{&quot;possibleAnswerCode&quot;:&quot;ZQP20050594&quot;,&quot;possibleAnswerText&quot;:&quot;Niger-Kordofanian languages&quot;},{&quot;possibleAnswerCode&quot;:&quot;ZQP20050595&quot;,&quot;possibleAnswerText&quot;:&quot;Nilo-Saharan languages&quot;},{&quot;possibleAnswerCode&quot;:&quot;ZQP20050596&quot;,&quot;possibleAnswerText&quot;:&quot;Niuean&quot;},{&quot;possibleAnswerCode&quot;:&quot;ZQP20050597&quot;,&quot;possibleAnswerText&quot;:&quot;N&apos;Ko&quot;},{&quot;possibleAnswerCode&quot;:&quot;ZQP20050598&quot;,&quot;possibleAnswerText&quot;:&quot;No linguistic content&quot;},{&quot;possibleAnswerCode&quot;:&quot;ZQP20050599&quot;,&quot;possibleAnswerText&quot;:&quot;Nogai&quot;},{&quot;possibleAnswerCode&quot;:&quot;ZQP20050600&quot;,&quot;possibleAnswerText&quot;:&quot;Norse, Old&quot;},{&quot;possibleAnswerCode&quot;:&quot;ZQP20050601&quot;,&quot;possibleAnswerText&quot;:&quot;North American Indian languages&quot;},{&quot;possibleAnswerCode&quot;:&quot;ZQP20050602&quot;,&quot;possibleAnswerText&quot;:&quot;North Ndebele&quot;},{&quot;possibleAnswerCode&quot;:&quot;ZQP20050603&quot;,&quot;possibleAnswerText&quot;:&quot;Northern Frisian&quot;},{&quot;possibleAnswerCode&quot;:&quot;ZQP20050604&quot;,&quot;possibleAnswerText&quot;:&quot;Northern Sami&quot;},{&quot;possibleAnswerCode&quot;:&quot;ZQP20050605&quot;,&quot;possibleAnswerText&quot;:&quot;Northern Sotho&quot;},{&quot;possibleAnswerCode&quot;:&quot;ZQP20050606&quot;,&quot;possibleAnswerText&quot;:&quot;Norwegian&quot;},{&quot;possibleAnswerCode&quot;:&quot;ZQP20050607&quot;,&quot;possibleAnswerText&quot;:&quot;Norwegien Bokmål&quot;},{&quot;possibleAnswerCode&quot;:&quot;ZQP20050608&quot;,&quot;possibleAnswerText&quot;:&quot;Norwegian Nynorsk&quot;},{&quot;possibleAnswerCode&quot;:&quot;ZQP20050609&quot;,&quot;possibleAnswerText&quot;:&quot;Not applicable&quot;},{&quot;possibleAnswerCode&quot;:&quot;ZQP20050610&quot;,&quot;possibleAnswerText&quot;:&quot;Nubian languages&quot;},{&quot;possibleAnswerCode&quot;:&quot;ZQP20050611&quot;,&quot;possibleAnswerText&quot;:&quot;Nuosu&quot;},{&quot;possibleAnswerCode&quot;:&quot;ZQP20050612&quot;,&quot;possibleAnswerText&quot;:&quot;Nyamwezi&quot;},{&quot;possibleAnswerCode&quot;:&quot;ZQP20050613&quot;,&quot;possibleAnswerText&quot;:&quot;Nyanja&quot;},{&quot;possibleAnswerCode&quot;:&quot;ZQP20050614&quot;,&quot;possibleAnswerText&quot;:&quot;Nyankole&quot;},{&quot;possibleAnswerCode&quot;:&quot;ZQP20050615&quot;,&quot;possibleAnswerText&quot;:&quot;Nynorsk, Norwegian&quot;},{&quot;possibleAnswerCode&quot;:&quot;ZQP20050616&quot;,&quot;possibleAnswerText&quot;:&quot;Nyoro&quot;},{&quot;possibleAnswerCode&quot;:&quot;ZQP20050617&quot;,&quot;possibleAnswerText&quot;:&quot;Nzima&quot;},{&quot;possibleAnswerCode&quot;:&quot;ZQP20050618&quot;,&quot;possibleAnswerText&quot;:&quot;Occidental&quot;},{&quot;possibleAnswerCode&quot;:&quot;ZQP20050619&quot;,&quot;possibleAnswerText&quot;:&quot;Occitan (post 1500)&quot;},{&quot;possibleAnswerCode&quot;:&quot;ZQP20050620&quot;,&quot;possibleAnswerText&quot;:&quot;Occitan, Old (to 1500)&quot;},{&quot;possibleAnswerCode&quot;:&quot;ZQP20050621&quot;,&quot;possibleAnswerText&quot;:&quot;Official Aramaic (700-300 BCE)&quot;},{&quot;possibleAnswerCode&quot;:&quot;ZQP20050622&quot;,&quot;possibleAnswerText&quot;:&quot;Oirat&quot;},{&quot;possibleAnswerCode&quot;:&quot;ZQP20050623&quot;,&quot;possibleAnswerText&quot;:&quot;Ojibwa&quot;},{&quot;possibleAnswerCode&quot;:&quot;ZQP20050624&quot;,&quot;possibleAnswerText&quot;:&quot;Old Bulgarian&quot;},{&quot;possibleAnswerCode&quot;:&quot;ZQP20050625&quot;,&quot;possibleAnswerText&quot;:&quot;Old Church Slavonic&quot;},{&quot;possibleAnswerCode&quot;:&quot;ZQP20050626&quot;,&quot;possibleAnswerText&quot;:&quot;Old Newari&quot;},{&quot;possibleAnswerCode&quot;:&quot;ZQP20050627&quot;,&quot;possibleAnswerText&quot;:&quot;Old Slavonic&quot;},{&quot;possibleAnswerCode&quot;:&quot;ZQP20050628&quot;,&quot;possibleAnswerText&quot;:&quot;Oriya&quot;},{&quot;possibleAnswerCode&quot;:&quot;ZQP20050629&quot;,&quot;possibleAnswerText&quot;:&quot;Oromo&quot;},{&quot;possibleAnswerCode&quot;:&quot;ZQP20050630&quot;,&quot;possibleAnswerText&quot;:&quot;Osage&quot;},{&quot;possibleAnswerCode&quot;:&quot;ZQP20050631&quot;,&quot;possibleAnswerText&quot;:&quot;Ossetian&quot;},{&quot;possibleAnswerCode&quot;:&quot;ZQP20050632&quot;,&quot;possibleAnswerText&quot;:&quot;Ossetic&quot;},{&quot;possibleAnswerCode&quot;:&quot;ZQP20050633&quot;,&quot;possibleAnswerText&quot;:&quot;Otomian languages&quot;},{&quot;possibleAnswerCode&quot;:&quot;ZQP20050634&quot;,&quot;possibleAnswerText&quot;:&quot;Pahlavi&quot;},{&quot;possibleAnswerCode&quot;:&quot;ZQP20050635&quot;,&quot;possibleAnswerText&quot;:&quot;Palauan&quot;},{&quot;possibleAnswerCode&quot;:&quot;ZQP20050636&quot;,&quot;possibleAnswerText&quot;:&quot;Pali&quot;},{&quot;possibleAnswerCode&quot;:&quot;ZQP20050637&quot;,&quot;possibleAnswerText&quot;:&quot;Pampanga&quot;},{&quot;possibleAnswerCode&quot;:&quot;ZQP20050638&quot;,&quot;possibleAnswerText&quot;:&quot;Pangasinan&quot;},{&quot;possibleAnswerCode&quot;:&quot;ZQP20050639&quot;,&quot;possibleAnswerText&quot;:&quot;Panjabi&quot;},{&quot;possibleAnswerCode&quot;:&quot;ZQP20050640&quot;,&quot;possibleAnswerText&quot;:&quot;Papiamento&quot;},{&quot;possibleAnswerCode&quot;:&quot;ZQP20050641&quot;,&quot;possibleAnswerText&quot;:&quot;Papuan languages&quot;},{&quot;possibleAnswerCode&quot;:&quot;ZQP20050642&quot;,&quot;possibleAnswerText&quot;:&quot;Pashto&quot;},{&quot;possibleAnswerCode&quot;:&quot;ZQP20050643&quot;,&quot;possibleAnswerText&quot;:&quot;Pedi&quot;},{&quot;possibleAnswerCode&quot;:&quot;ZQP20050644&quot;,&quot;possibleAnswerText&quot;:&quot;Persian&quot;},{&quot;possibleAnswerCode&quot;:&quot;ZQP20050645&quot;,&quot;possibleAnswerText&quot;:&quot;Persian, Old (ca.600-400 B.C.)&quot;},{&quot;possibleAnswerCode&quot;:&quot;ZQP20050646&quot;,&quot;possibleAnswerText&quot;:&quot;Philippine languages&quot;},{&quot;possibleAnswerCode&quot;:&quot;ZQP20050647&quot;,&quot;possibleAnswerText&quot;:&quot;Phoenician&quot;},{&quot;possibleAnswerCode&quot;:&quot;ZQP20050648&quot;,&quot;possibleAnswerText&quot;:&quot;Pilipino&quot;},{&quot;possibleAnswerCode&quot;:&quot;ZQP20050649&quot;,&quot;possibleAnswerText&quot;:&quot;Pohnpeian&quot;},{&quot;possibleAnswerCode&quot;:&quot;ZQP20050650&quot;,&quot;possibleAnswerText&quot;:&quot;Polish&quot;},{&quot;possibleAnswerCode&quot;:&quot;ZQP20050651&quot;,&quot;possibleAnswerText&quot;:&quot;Portuguese&quot;},{&quot;possibleAnswerCode&quot;:&quot;ZQP20050652&quot;,&quot;possibleAnswerText&quot;:&quot;Prakrit languages&quot;},{&quot;possibleAnswerCode&quot;:&quot;ZQP20050653&quot;,&quot;possibleAnswerText&quot;:&quot;Provençal, Old (to 1500)&quot;},{&quot;possibleAnswerCode&quot;:&quot;ZQP20050654&quot;,&quot;possibleAnswerText&quot;:&quot;Punjabi&quot;},{&quot;possibleAnswerCode&quot;:&quot;ZQP20050655&quot;,&quot;possibleAnswerText&quot;:&quot;Pushto&quot;},{&quot;possibleAnswerCode&quot;:&quot;ZQP20050656&quot;,&quot;possibleAnswerText&quot;:&quot;Quechua&quot;},{&quot;possibleAnswerCode&quot;:&quot;ZQP20050657&quot;,&quot;possibleAnswerText&quot;:&quot;Rajasthani&quot;},{&quot;possibleAnswerCode&quot;:&quot;ZQP20050658&quot;,&quot;possibleAnswerText&quot;:&quot;Rapanui&quot;},{&quot;possibleAnswerCode&quot;:&quot;ZQP20050659&quot;,&quot;possibleAnswerText&quot;:&quot;Rarotongan&quot;},{&quot;possibleAnswerCode&quot;:&quot;ZQP20050660&quot;,&quot;possibleAnswerText&quot;:&quot;Romance languages&quot;},{&quot;possibleAnswerCode&quot;:&quot;ZQP20050661&quot;,&quot;possibleAnswerText&quot;:&quot;Romanian&quot;},{&quot;possibleAnswerCode&quot;:&quot;ZQP20050662&quot;,&quot;possibleAnswerText&quot;:&quot;Romansh&quot;},{&quot;possibleAnswerCode&quot;:&quot;ZQP20050663&quot;,&quot;possibleAnswerText&quot;:&quot;Romany&quot;},{&quot;possibleAnswerCode&quot;:&quot;ZQP20050664&quot;,&quot;possibleAnswerText&quot;:&quot;Rundi&quot;},{&quot;possibleAnswerCode&quot;:&quot;ZQP20050665&quot;,&quot;possibleAnswerText&quot;:&quot;Russian&quot;},{&quot;possibleAnswerCode&quot;:&quot;ZQP20050666&quot;,&quot;possibleAnswerText&quot;:&quot;Sakan&quot;},{&quot;possibleAnswerCode&quot;:&quot;ZQP20050667&quot;,&quot;possibleAnswerText&quot;:&quot;Salishan languages&quot;},{&quot;possibleAnswerCode&quot;:&quot;ZQP20050668&quot;,&quot;possibleAnswerText&quot;:&quot;Samaritan Aramaic&quot;},{&quot;possibleAnswerCode&quot;:&quot;ZQP20050669&quot;,&quot;possibleAnswerText&quot;:&quot;Sami languages&quot;},{&quot;possibleAnswerCode&quot;:&quot;ZQP20050670&quot;,&quot;possibleAnswerText&quot;:&quot;Samoan&quot;},{&quot;possibleAnswerCode&quot;:&quot;ZQP20050671&quot;,&quot;possibl
[...]
leAnswerCode&quot;:&quot;ZQP20052674&quot;,&quot;possibleAnswerText&quot;:&quot;We commission audits from external third party&quot;},{&quot;possibleAnswerCode&quot;:&quot;ZQP20052675&quot;,&quot;possibleAnswerText&quot;:&quot;Other&quot;}]},{&quot;questionType&quot;:&quot;FREE_TEXT&quot;,&quot;questionCode&quot;:&quot;ZQQ20050316&quot;,&quot;questionText&quot;:&quot;Please specify&quot;,&quot;sectorProfiles&quot;:[&quot;TRIGGER&quot;],&quot;possibleAnswers&quot;:[]}]},{&quot;subSectionCode&quot;:&quot;ZQU20050034&quot;,&quot;subSectionName&quot;:&quot;Water&quot;,&quot;questions&quot;:[{&quot;questionType&quot;:&quot;SINGLE_CHOICE&quot;,&quot;questionCode&quot;:&quot;ZQQ20050317&quot;,&quot;questionText&quot;:&quot;Do you have a written policy on water management?&quot;,&quot;sectorProfiles&quot;:[&quot;BIGAGRI&quot;,&quot;HEAVMANU&quot;,&quot;MANUFACT&quot;,&quot;OFFICEHQ&quot;],&quot;possibleAnswers&quot;:[{&quot;possibleAnswerCode&quot;:&quot;ZQP20052676&quot;,&quot;possibleAnswerText&quot;:&quot;Yes&quot;},{&quot;possibleAnswerCode&quot;:&quot;ZQP20052677&quot;,&quot;possibleAnswerText&quot;:&quot;No&quot;},{&quot;possibleAnswerCode&quot;:&quot;ZQP20052678&quot;,&quot;possibleAnswerText&quot;:&quot;N/A&quot;}]},{&quot;questionType&quot;:&quot;MULTIPLE_CHOICE&quot;,&quot;questionCode&quot;:&quot;ZQQ20050318&quot;,&quot;questionText&quot;:&quot;Do you have targets for the reduction and re-use of water?  Please select all applicable answers.&quot;,&quot;sectorProfiles&quot;:[&quot;BIGAGRI&quot;,&quot;HEAVMANU&quot;,&quot;MANUFACT&quot;],&quot;possibleAnswers&quot;:[{&quot;possibleAnswerCode&quot;:&quot;ZQP20052679&quot;,&quot;possibleAnswerText&quot;:&quot;No&quot;},{&quot;possibleAnswerCode&quot;:&quot;ZQP20052680&quot;,&quot;possibleAnswerText&quot;:&quot;Yes, for the reduction of water&quot;},{&quot;possibleAnswerCode&quot;:&quot;ZQP20052681&quot;,&quot;possibleAnswerText&quot;:&quot;Yes, for the re-use of water&quot;},{&quot;possibleAnswerCode&quot;:&quot;ZQP20052682&quot;,&quot;possibleAnswerText&quot;:&quot;Yes, both&quot;}]},{&quot;questionType&quot;:&quot;SINGLE_CHOICE&quot;,&quot;questionCode&quot;:&quot;ZQQ20050319&quot;,&quot;questionText&quot;:&quot;Has your site assessed the impact of water usage on the [water catchment]&quot;,&quot;sectorProfiles&quot;:[&quot;BIGAGRI&quot;,&quot;MANUFACT&quot;],&quot;possibleAnswers&quot;:[{&quot;possibleAnswerCode&quot;:&quot;ZQP20052683&quot;,&quot;possibleAnswerText&quot;:&quot;Yes&quot;},{&quot;possibleAnswerCode&quot;:&quot;ZQP20052684&quot;,&quot;possibleAnswerText&quot;:&quot;No&quot;}]},{&quot;questionType&quot;:&quot;SINGLE_CHOICE&quot;,&quot;questionCode&quot;:&quot;ZQQ20050320&quot;,&quot;questionText&quot;:&quot;Is the site located in an area of [water stress] or shortage?&quot;,&quot;sectorProfiles&quot;:[&quot;BIGAGRI&quot;,&quot;MANUFACT&quot;],&quot;possibleAnswers&quot;:[{&quot;possibleAnswerCode&quot;:&quot;ZQP20052685&quot;,&quot;possibleAnswerText&quot;:&quot;Yes&quot;},{&quot;possibleAnswerCode&quot;:&quot;ZQP20052686&quot;,&quot;possibleAnswerText&quot;:&quot;No&quot;}]},{&quot;questionType&quot;:&quot;SINGLE_CHOICE&quot;,&quot;questionCode&quot;:&quot;ZQQ20050321&quot;,&quot;questionText&quot;:&quot;Do you actively manage your impact on water quality and [waste] water discharge?&quot;,&quot;sectorProfiles&quot;:[&quot;BIGAGRI&quot;,&quot;HEAVMANU&quot;,&quot;MANUFACT&quot;],&quot;possibleAnswers&quot;:[{&quot;possibleAnswerCode&quot;:&quot;ZQP20052687&quot;,&quot;possibleAnswerText&quot;:&quot;Yes&quot;},{&quot;possibleAnswerCode&quot;:&quot;ZQP20052688&quot;,&quot;possibleAnswerText&quot;:&quot;No&quot;}]}]},{&quot;subSectionCode&quot;:&quot;ZQU20050035&quot;,&quot;subSectionName&quot;:&quot;Pollution&quot;,&quot;questions&quot;:[{&quot;questionType&quot;:&quot;SINGLE_CHOICE&quot;,&quot;questionCode&quot;:&quot;ZQQ20050322&quot;,&quot;questionText&quot;:&quot;Do you have a procedure for the management of pollution incidents?&quot;,&quot;sectorProfiles&quot;:[&quot;BIGAGRI&quot;,&quot;HEAVMANU&quot;,&quot;MANUFACT&quot;],&quot;possibleAnswers&quot;:[{&quot;possibleAnswerCode&quot;:&quot;ZQP20052689&quot;,&quot;possibleAnswerText&quot;:&quot;Yes&quot;},{&quot;possibleAnswerCode&quot;:&quot;ZQP20052690&quot;,&quot;possibleAnswerText&quot;:&quot;No&quot;}]},{&quot;questionType&quot;:&quot;SINGLE_CHOICE&quot;,&quot;questionCode&quot;:&quot;ZQQ20050323&quot;,&quot;questionText&quot;:&quot;Have you identified and assessed the potential pollution risks involved in your processes that might generate contamination of the atmosphere, water, resources or ground?&quot;,&quot;sectorProfiles&quot;:[&quot;BIGAGRI&quot;,&quot;HEAVMANU&quot;,&quot;MANUFACT&quot;],&quot;possibleAnswers&quot;:[{&quot;possibleAnswerCode&quot;:&quot;ZQP20052691&quot;,&quot;possibleAnswerText&quot;:&quot;Yes&quot;},{&quot;possibleAnswerCode&quot;:&quot;ZQP20052692&quot;,&quot;possibleAnswerText&quot;:&quot;No&quot;}]},{&quot;questionType&quot;:&quot;SINGLE_CHOICE&quot;,&quot;questionCode&quot;:&quot;ZQQ20050324&quot;,&quot;questionText&quot;:&quot;Have you experienced any leaks, spills or other discharge of [hazardous substances], chemicals or [waste] from site?&quot;,&quot;sectorProfiles&quot;:[&quot;BIGAGRI&quot;,&quot;MANUFACT&quot;],&quot;possibleAnswers&quot;:[{&quot;possibleAnswerCode&quot;:&quot;ZQP20052693&quot;,&quot;possibleAnswerText&quot;:&quot;Yes&quot;},{&quot;possibleAnswerCode&quot;:&quot;ZQP20052694&quot;,&quot;possibleAnswerText&quot;:&quot;No&quot;}]}]},{&quot;subSectionCode&quot;:&quot;ZQU20050036&quot;,&quot;subSectionName&quot;:&quot;Emissions, including Greehouse Gas Emissions (GHG)&quot;,&quot;questions&quot;:[{&quot;questionType&quot;:&quot;SINGLE_CHOICE&quot;,&quot;questionCode&quot;:&quot;ZQQ20050325&quot;,&quot;questionText&quot;:&quot;Do you identify and measure your greenhouse gas (GHG) emissions (incl. CO2, CH4, N2O, HFCs and PFCs) ?&quot;,&quot;sectorProfiles&quot;:[&quot;BIGAGRI&quot;,&quot;MANUFACT&quot;,&quot;SERVPROV&quot;],&quot;possibleAnswers&quot;:[{&quot;possibleAnswerCode&quot;:&quot;ZQP20052695&quot;,&quot;possibleAnswerText&quot;:&quot;Yes&quot;},{&quot;possibleAnswerCode&quot;:&quot;ZQP20052696&quot;,&quot;possibleAnswerText&quot;:&quot;No&quot;}]},{&quot;questionType&quot;:&quot;MULTIPLE_CHOICE&quot;,&quot;questionCode&quot;:&quot;ZQQ20050326&quot;,&quot;questionText&quot;:&quot;If yes, how do you use the information?&quot;,&quot;sectorProfiles&quot;:[&quot;TRIGGER&quot;],&quot;possibleAnswers&quot;:[{&quot;possibleAnswerCode&quot;:&quot;ZQP20052697&quot;,&quot;possibleAnswerText&quot;:&quot;Re-measured at least annually&quot;},{&quot;possibleAnswerCode&quot;:&quot;ZQP20052698&quot;,&quot;possibleAnswerText&quot;:&quot;Tracked against targets&quot;},{&quot;possibleAnswerCode&quot;:&quot;ZQP20052699&quot;,&quot;possibleAnswerText&quot;:&quot;Evaluated by managers&quot;},{&quot;possibleAnswerCode&quot;:&quot;ZQP20052700&quot;,&quot;possibleAnswerText&quot;:&quot;Externally reported&quot;}]},{&quot;questionType&quot;:&quot;SINGLE_CHOICE&quot;,&quot;questionCode&quot;:&quot;ZQQ20050327&quot;,&quot;questionText&quot;:&quot;Do you have targets to reduce your emissions to air?&quot;,&quot;sectorProfiles&quot;:[&quot;BIGAGRI&quot;,&quot;HEAVMANU&quot;,&quot;MANUFACT&quot;,&quot;SERVPROV&quot;],&quot;possibleAnswers&quot;:[{&quot;possibleAnswerCode&quot;:&quot;ZQP20052701&quot;,&quot;possibleAnswerText&quot;:&quot;Yes&quot;},{&quot;possibleAnswerCode&quot;:&quot;ZQP20052702&quot;,&quot;possibleAnswerText&quot;:&quot;No&quot;}]}]},{&quot;subSectionCode&quot;:&quot;ZQU20050037&quot;,&quot;subSectionName&quot;:&quot;Energy&quot;,&quot;questions&quot;:[{&quot;questionType&quot;:&quot;SINGLE_CHOICE&quot;,&quot;questionCode&quot;:&quot;ZQQ20050328&quot;,&quot;questionText&quot;:&quot;Do you have targets to reduce your energy usage?&quot;,&quot;sectorProfiles&quot;:[&quot;BIGAGRI&quot;,&quot;HEAVMANU&quot;,&quot;MANUFACT&quot;,&quot;SERVPROV&quot;],&quot;possibleAnswers&quot;:[{&quot;possibleAnswerCode&quot;:&quot;ZQP20052703&quot;,&quot;possibleAnswerText&quot;:&quot;Yes&quot;},{&quot;possibleAnswerCode&quot;:&quot;ZQP20052704&quot;,&quot;possibleAnswerText&quot;:&quot;No&quot;}]}]},{&quot;subSectionCode&quot;:&quot;ZQU20050038&quot;,&quot;subSectionName&quot;:&quot;Renewable Energy&quot;,&quot;questions&quot;:[{&quot;questionType&quot;:&quot;SINGLE_CHOICE&quot;,&quot;questionCode&quot;:&quot;ZQQ20050329&quot;,&quot;questionText&quot;:&quot;Do you use renewable energy (e.g. wind power, solar energy, hydropower etc.) on site, in transport or other operations?&quot;,&quot;sectorProfiles&quot;:[&quot;BIGAGRI&quot;,&quot;MANUFACT&quot;],&quot;possibleAnswers&quot;:[{&quot;possibleAnswerCode&quot;:&quot;ZQP20052705&quot;,&quot;possibleAnswerText&quot;:&quot;Yes&quot;},{&quot;possibleAnswerCode&quot;:&quot;ZQP20052706&quot;,&quot;possibleAnswerText&quot;:&quot;No&quot;}]}]},{&quot;subSectionCode&quot;:&quot;ZQU20050039&quot;,&quot;subSectionName&quot;:&quot;Biodiversity&quot;,&quot;questions&quot;:[{&quot;questionType&quot;:&quot;SINGLE_CHOICE&quot;,&quot;questionCode&quot;:&quot;ZQQ20050330&quot;,&quot;questionText&quot;:&quot;Does your site have a [biodiversity] action plan?&quot;,&quot;sectorProfiles&quot;:[&quot;BIGAGRI&quot;,&quot;MANUFACT&quot;],&quot;possibleAnswers&quot;:[{&quot;possibleAnswerCode&quot;:&quot;ZQP20052707&quot;,&quot;possibleAnswerText&quot;:&quot;Yes&quot;},{&quot;possibleAnswerCode&quot;:&quot;ZQP20052708&quot;,&quot;possibleAnswerText&quot;:&quot;No&quot;}]},{&quot;questionType&quot;:&quot;SINGLE_CHOICE&quot;,&quot;questionCode&quot;:&quot;ZQQ20050331&quot;,&quot;questionText&quot;:&quot;Do you assess pest levels and only apply pesticides when necessary according to qualified advice?&quot;,&quot;sectorProfiles&quot;:[&quot;BIGAGRI&quot;],&quot;possibleAnswers&quot;:[{&quot;possibleAnswerCode&quot;:&quot;ZQP20052709&quot;,&quot;possibleAnswerText&quot;:&quot;Yes&quot;},{&quot;possibleAnswerCode&quot;:&quot;ZQP20052710&quot;,&quot;possibleAnswerText&quot;:&quot;No&quot;}]},{&quot;questionType&quot;:&quot;SINGLE_CHOICE&quot;,&quot;questionCode&quot;:&quot;ZQQ20050332&quot;,&quot;questionText&quot;:&quot;Do you use non-chemical measures to prevent and reduce pest infestation?&quot;,&quot;sectorProfiles&quot;:[&quot;BIGAGRI&quot;],&quot;possibleAnswers&quot;:[{&quot;possibleAnswerCode&quot;:&quot;ZQP20052711&quot;,&quot;possibleAnswerText&quot;:&quot;Yes&quot;},{&quot;possibleAnswerCode&quot;:&quot;ZQP20052712&quot;,&quot;possibleAnswerText&quot;:&quot;No&quot;}]},{&quot;questionType&quot;:&quot;SINGLE_CHOICE&quot;,&quot;questionCode&quot;:&quot;ZQQ20050333&quot;,&quot;questionText&quot;:&quot;Do you protect non-target areas and crops from agro-chemical use?&quot;,&quot;sectorProfiles&quot;:[&quot;BIGAGRI&quot;],&quot;possibleAnswers&quot;:[{&quot;possibleAnswerCode&quot;:&quot;ZQP20052713&quot;,&quot;possibleAnswerText&quot;:&quot;Yes&quot;},{&quot;possibleAnswerCode&quot;:&quot;ZQP20052714&quot;,&quot;possibleAnswerText&quot;:&quot;No&quot;}]},{&quot;questionType&quot;:&quot;SINGLE_CHOICE&quot;,&quot;questionCode&quot;:&quot;ZQQ20050334&quot;,&quot;questionText&quot;:&quot;Do you record the application of pesticides and fertilizers?&quot;,&quot;sectorProfiles&quot;:[&quot;BIGAGRI&quot;],&quot;possibleAnswers&quot;:[{&quot;possibleAnswerCode&quot;:&quot;ZQP20052715&quot;,&quot;possibleAnswerText&quot;:&quot;Yes&quot;},{&quot;possibleAnswerCode&quot;:&quot;ZQP20052716&quot;,&quot;possibleAnswerText&quot;:&quot;No&quot;}]},{&quot;questionType&quot;:&quot;SINGLE_CHOICE&quot;,&quot;questionCode&quot;:&quot;ZQQ20050335&quot;,&quot;questionText&quot;:&quot;Do you use soil maps or analysis to select appropriate crops and plan rotations?&quot;,&quot;sectorProfiles&quot;:[&quot;BIGAGRI&quot;],&quot;possibleAnswers&quot;:[{&quot;possibleAnswerCode&quot;:&quot;ZQP20052717&quot;,&quot;possibleAnswerText&quot;:&quot;Yes&quot;},{&quot;possibleAnswerCode&quot;:&quot;ZQP20052718&quot;,&quot;possibleAnswerText&quot;:&quot;No&quot;}]},{&quot;questionType&quot;:&quot;SINGLE_CHOICE&quot;,&quot;questionCode&quot;:&quot;ZQQ20050336&quot;,&quot;questionText&quot;:&quot;When planting genetically modified varieties, do you comply with all the regulations of the relevant producing and consuming countries?&quot;,&quot;sectorProfiles&quot;:[&quot;BIGAGRI&quot;],&quot;possibleAnswers&quot;:[{&quot;possibleAnswerCode&quot;:&quot;ZQP20052719&quot;,&quot;possibleAnswerText&quot;:&quot;Yes&quot;},{&quot;possibleAnswerCode&quot;:&quot;ZQP20052720&quot;,&quot;possibleAnswerText&quot;:&quot;No&quot;},{&quot;possibleAnswerCode&quot;:&quot;ZQP20052721&quot;,&quot;possibleAnswerText&quot;:&quot;Site does not plant genetically modified varieties&quot;}]},{&quot;questionType&quot;:&quot;SINGLE_CHOICE&quot;,&quot;questionCode&quot;:&quot;ZQQ20050337&quot;,&quot;questionText&quot;:&quot;Do you use certified or known and understood sources for new planting and grafting material?&quot;,&quot;sectorProfiles&quot;:[&quot;BIGAGRI&quot;],&quot;possibleAnswers&quot;:[{&quot;possibleAnswerCode&quot;:&quot;ZQP20052722&quot;,&quot;possibleAnswerText&quot;:&quot;Yes&quot;},{&quot;possibleAnswerCode&quot;:&quot;ZQP20052723&quot;,&quot;possibleAnswerText&quot;:&quot;No&quot;}]},{&quot;questionType&quot;:&quot;SINGLE_CHOICE&quot;,&quot;questionCode&quot;:&quot;ZQQ20050338&quot;,&quot;questionText&quot;:&quot;Do you keep records of planting material used?&quot;,&quot;sectorProfiles&quot;:[&quot;BIGAGRI&quot;],&quot;possibleAnswers&quot;:[{&quot;possibleAnswerCode&quot;:&quot;ZQP20052724&quot;,&quot;possibleAnswerText&quot;:&quot;Yes&quot;},{&quot;possibleAnswerCode&quot;:&quot;ZQP20052725&quot;,&quot;possibleAnswerText&quot;:&quot;No&quot;}]},{&quot;questionType&quot;:&quot;SINGLE_CHOICE&quot;,&quot;questionCode&quot;:&quot;ZQQ20050339&quot;,&quot;questionText&quot;:&quot;Do you perform periodic soil sampling to monitor the changes in soil condition and keep the sampling records?&quot;,&quot;sectorProfiles&quot;:[&quot;BIGAGRI&quot;],&quot;possibleAnswers&quot;:[{&quot;possibleAnswerCode&quot;:&quot;ZQP20052726&quot;,&quot;possibleAnswerText&quot;:&quot;Yes&quot;},{&quot;possibleAnswerCode&quot;:&quot;ZQP20052727&quot;,&quot;possibleAnswerText&quot;:&quot;No&quot;}]}]},{&quot;subSectionCode&quot;:&quot;ZQU20050040&quot;,&quot;subSectionName&quot;:&quot;Supplier Environmental Impact&quot;,&quot;questions&quot;:[{&quot;questionType&quot;:&quot;SINGLE_CHOICE&quot;,&quot;questionCode&quot;:&quot;ZQQ20050340&quot;,&quot;questionText&quot;:&quot;Do you have a written policy on supplier sourcing that requires suppliers to have environmental / product related policies or standards e.g. ISO 14001, FSC, MSC?&quot;,&quot;sectorProfiles&quot;:[&quot;INTERMEDI&quot;],&quot;possibleAnswers&quot;:[{&quot;possibleAnswerCode&quot;:&quot;ZQP20052728&quot;,&quot;possibleAnswerText&quot;:&quot;Yes&quot;},{&quot;possibleAnswerCode&quot;:&quot;ZQP20052729&quot;,&quot;possibleAnswerText&quot;:&quot;No&quot;}]},{&quot;questionType&quot;:&quot;MULTIPLE_CHOICE&quot;,&quot;questionCode&quot;:&quot;ZQQ20050341&quot;,&quot;questionText&quot;:&quot;How do you communicate the environmental requirements or criteria for selecting suppliers to relevant employees/workers?  Please select all applicable answers.&quot;,&quot;sectorProfiles&quot;:[&quot;INTERMEDI&quot;],&quot;possibleAnswers&quot;:[{&quot;possibleAnswerCode&quot;:&quot;ZQP20052730&quot;,&quot;possibleAnswerText&quot;:&quot;We don&apos;t communicate this&quot;},{&quot;possibleAnswerCode&quot;:&quot;ZQP20052731&quot;,&quot;possibleAnswerText&quot;:&quot;Intranet, notice board or other internal communications&quot;},{&quot;possibleAnswerCode&quot;:&quot;ZQP20052732&quot;,&quot;possibleAnswerText&quot;:&quot;Individual meetings&quot;},{&quot;possibleAnswerCode&quot;:&quot;ZQP20052733&quot;,&quot;possibleAnswerText&quot;:&quot;Documented training&quot;},{&quot;possibleAnswerCode&quot;:&quot;ZQP20052734&quot;,&quot;possibleAnswerText&quot;:&quot;Materials in a language workers understand (where relevant)&quot;},{&quot;possibleAnswerCode&quot;:&quot;ZQP20052736&quot;,&quot;possibleAnswerText&quot;:&quot;Other&quot;}]},{&quot;questionType&quot;:&quot;FREE_TEXT&quot;,&quot;questionCode&quot;:&quot;ZQQ20050342&quot;,&quot;questionText&quot;:&quot;Please specify&quot;,&quot;sectorProfiles&quot;:[&quot;TRIGGER&quot;],&quot;possibleAnswers&quot;:[]},{&quot;questionType&quot;:&quot;MULTIPLE_CHOICE&quot;,&quot;questionCode&quot;:&quot;ZQQ20050343&quot;,&quot;questionText&quot;:&quot;How do you communicate environmental /product related policies or standards to your suppliers e.g. ISO 14001, FSC, MSC?  Please select all applicable answers.&quot;,&quot;sectorProfiles&quot;:[&quot;INTERMEDI&quot;],&quot;possibleAnswers&quot;:[{&quot;possibleAnswerCode&quot;:&quot;ZQP20052737&quot;,&quot;possibleAnswerText&quot;:&quot;We don&apos;t communicate this&quot;},{&quot;possibleAnswerCode&quot;:&quot;ZQP20052738&quot;,&quot;possibleAnswerText&quot;:&quot;Letters, emails and other external communications&quot;},{&quot;possibleAnswerCode&quot;:&quot;ZQP20052739&quot;,&quot;possibleAnswerText&quot;:&quot;Individual meetings&quot;},{&quot;possibleAnswerCode&quot;:&quot;ZQP20052740&quot;,&quot;possibleAnswerText&quot;:&quot;Documented training&quot;},{&quot;possibleAnswerCode&quot;:&quot;ZQP20052741&quot;,&quot;possibleAnswerText&quot;:&quot;Other&quot;}]},{&quot;questionType&quot;:&quot;FREE_TEXT&quot;,&quot;questionCode&quot;:&quot;ZQQ20050344&quot;,&quot;questionText&quot;:&quot;Please specify&quot;,&quot;sectorProfiles&quot;:[&quot;INTERMEDI&quot;],&quot;possibleAnswers&quot;:[]},{&quot;questionType&quot;:&quot;MULTIPLE_CHOICE&quot;,&quot;questionCode&quot;:&quot;ZQQ20050345&quot;,&quot;questionText&quot;:&quot;How do you check that suppliers meet environmental policies or standards e.g. ISO 14001?  Please select all applicable answers.&quot;,&quot;sectorProfiles&quot;:[&quot;INTERMEDI&quot;],&quot;possibleAnswers&quot;:[{&quot;possibleAnswerCode&quot;:&quot;ZQP20052742&quot;,&quot;possibleAnswerText&quot;:&quot;No action&quot;},{&quot;possibleAnswerCode&quot;:&quot;ZQP20052743&quot;,&quot;possibleAnswerText&quot;:&quot;We audit suppliers ourselves&quot;},{&quot;possibleAnswerCode&quot;:&quot;ZQP20052744&quot;,&quot;possibleAnswerText&quot;:&quot;We commission or accept audits from external third party&quot;},{&quot;possibleAnswerCode&quot;:&quot;ZQP20052745&quot;,&quot;possibleAnswerText&quot;:&quot;We request copies of recognised certification&quot;},{&quot;possibleAnswerCode&quot;:&quot;ZQP20052746&quot;,&quot;possibleAnswerText&quot;:&quot;Other&quot;}]},{&quot;questionType&quot;:&quot;FREE_TEXT&quot;,&quot;questionCode&quot;:&quot;ZQQ20050346&quot;,&quot;questionText&quot;:&quot;Please specify&quot;,&quot;sectorProfiles&quot;:[&quot;TRIGGER&quot;],&quot;possibleAnswers&quot;:[]},{&quot;questionType&quot;:&quot;SINGLE_CHOICE&quot;,&quot;questionCode&quot;:&quot;ZQQ20050347&quot;,&quot;questionText&quot;:&quot;Do you measure the key environmental impacts of the products that you are supplying to your customers?&quot;,&quot;sectorProfiles&quot;:[&quot;BIGAGRI&quot;,&quot;HEAVMANU&quot;,&quot;INTERMEDI&quot;,&quot;MANUFACT&quot;],&quot;possibleAnswers&quot;:[{&quot;possibleAnswerCode&quot;:&quot;ZQP20052747&quot;,&quot;possibleAnswerText&quot;:&quot;Yes&quot;},{&quot;possibleAnswerCode&quot;:&quot;ZQP20052748&quot;,&quot;possibleAnswerText&quot;:&quot;No&quot;}]},{&quot;questionType&quot;:&quot;SINGLE_CHOICE&quot;,&quot;questionCode&quot;:&quot;ZQQ20050348&quot;,&quot;questionText&quot;:&quot;If yes, do you have targets for the reduction of these impacts?&quot;,&quot;sectorProfiles&quot;:[&quot;TRIGGER&quot;],&quot;possibleAnswers&quot;:[{&quot;possibleAnswerCode&quot;:&quot;ZQP20052749&quot;,&quot;possibleAnswerText&quot;:&quot;Yes&quot;},{&quot;possibleAnswerCode&quot;:&quot;ZQP20052750&quot;,&quot;possibleAnswerText&quot;:&quot;No&quot;}]}]}]}]
</system-out>
  </testcase>
</testsuite>